#-----------------------------------------------------------
# Vivado v2018.3 (64-bit)
# SW Build 2405991 on Thu Dec  6 23:38:27 MST 2018
# IP Build 2404404 on Fri Dec  7 01:43:56 MST 2018
# Start of session at: Thu Mar 31 14:16:11 2022
# Process ID: 175312
# Current directory: D:/Sources/repos/SingleCycleProcessor
# Command line: vivado.exe -gui_launcher_event rodinguilauncherevent154940 D:\Sources\repos\SingleCycleProcessor\SingleCycleProcessor.xpr
# Log file: D:/Sources/repos/SingleCycleProcessor/vivado.log
# Journal file: D:/Sources/repos/SingleCycleProcessor\vivado.jou
#-----------------------------------------------------------
start_gui
open_project D:/Sources/repos/SingleCycleProcessor/SingleCycleProcessor.xpr
Scanning sources...
Finished scanning sources
INFO: [IP_Flow 19-234] Refreshing IP repositories
INFO: [IP_Flow 19-1704] No user IP repositories specified
INFO: [IP_Flow 19-2313] Loaded Vivado IP repository 'D:/Softwares/Vivado/2018.3/data/ip'.
update_compile_order -fileset sources_1
exit
INFO: [Common 17-206] Exiting Vivado at Thu Mar 31 14:16:49 2022...
