#-----------------------------------------------------------
# Vivado v2018.3 (64-bit)
# SW Build 2405991 on Thu Dec  6 23:38:27 MST 2018
# IP Build 2404404 on Fri Dec  7 01:43:56 MST 2018
# Start of session at: Thu Mar 31 20:19:13 2022
# Process ID: 161816
# Current directory: C:/Users/admin/Desktop/SingleCycleProcessor
# Command line: vivado.exe -gui_launcher_event rodinguilauncherevent172192 C:\Users\admin\Desktop\SingleCycleProcessor\SingleCycleProcessor.xpr
# Log file: C:/Users/admin/Desktop/SingleCycleProcessor/vivado.log
# Journal file: C:/Users/admin/Desktop/SingleCycleProcessor\vivado.jou
#-----------------------------------------------------------
start_gui
open_project C:/Users/admin/Desktop/SingleCycleProcessor/SingleCycleProcessor.xpr
INFO: [Project 1-313] Project file moved from 'D:/Sources/repos/SingleCycleProcessor' since last save.
Scanning sources...
Finished scanning sources
INFO: [IP_Flow 19-234] Refreshing IP repositories
INFO: [IP_Flow 19-1704] No user IP repositories specified
INFO: [IP_Flow 19-2313] Loaded Vivado IP repository 'D:/Softwares/Vivado/2018.3/data/ip'.
update_compile_order -fileset sources_1
export_ip_user_files -of_objects  [get_files C:/Users/admin/Desktop/SingleCycleProcessor/SingleCycleProcessor.srcs/sources_1/new/Top.sv] -no_script -reset -force -quiet
remove_files  C:/Users/admin/Desktop/SingleCycleProcessor/SingleCycleProcessor.srcs/sources_1/new/Top.sv
update_compile_order -fileset sources_1
export_ip_user_files -of_objects  [get_files C:/Users/admin/Desktop/SingleCycleProcessor/SingleCycleProcessor.srcs/sources_1/new/mux2.sv] -no_script -reset -force -quiet
remove_files  C:/Users/admin/Desktop/SingleCycleProcessor/SingleCycleProcessor.srcs/sources_1/new/mux2.sv
export_ip_user_files -of_objects  [get_files C:/Users/admin/Desktop/SingleCycleProcessor/SingleCycleProcessor.srcs/sources_1/new/mux7seg.sv] -no_script -reset -force -quiet
remove_files  C:/Users/admin/Desktop/SingleCycleProcessor/SingleCycleProcessor.srcs/sources_1/new/mux7seg.sv
export_ip_user_files -of_objects  [get_files C:/Users/admin/Desktop/SingleCycleProcessor/SingleCycleProcessor.srcs/sources_1/new/IO.sv] -no_script -reset -force -quiet
remove_files  C:/Users/admin/Desktop/SingleCycleProcessor/SingleCycleProcessor.srcs/sources_1/new/IO.sv
export_ip_user_files -of_objects  [get_files C:/Users/admin/Desktop/SingleCycleProcessor/SingleCycleProcessor.srcs/sources_1/imports/Desktop/dMemoryDecoder.sv] -no_script -reset -force -quiet
remove_files  C:/Users/admin/Desktop/SingleCycleProcessor/SingleCycleProcessor.srcs/sources_1/imports/Desktop/dMemoryDecoder.sv
update_compile_order -fileset sources_1
update_compile_order -fileset sources_1
close [ open C:/Users/admin/Desktop/SingleCycleProcessor/SingleCycleProcessor.srcs/sources_1/new/top.sv w ]
add_files C:/Users/admin/Desktop/SingleCycleProcessor/SingleCycleProcessor.srcs/sources_1/new/top.sv
update_compile_order -fileset sources_1
WARNING: [filemgmt 56-199] Attempt to get parsing info during refresh. "On-the-fly" syntax checking information may be incorrect. [C:/Users/admin/Desktop/SingleCycleProcessor/SingleCycleProcessor.srcs/sources_1/new/Top.sv:]
WARNING: [filemgmt 56-199] Attempt to get parsing info during refresh. "On-the-fly" syntax checking information may be incorrect. [C:/Users/admin/Desktop/SingleCycleProcessor/SingleCycleProcessor.srcs/sources_1/new/top.sv:]
ERROR: [Common 17-180] Spawn failed: No error
WARNING: [filemgmt 56-199] Attempt to get parsing info during refresh. "On-the-fly" syntax checking information may be incorrect. [C:/Users/admin/Desktop/SingleCycleProcessor/SingleCycleProcessor.srcs/sources_1/new/Top.sv:]
WARNING: [filemgmt 56-199] Attempt to get parsing info during refresh. "On-the-fly" syntax checking information may be incorrect. [C:/Users/admin/Desktop/SingleCycleProcessor/SingleCycleProcessor.srcs/sources_1/new/top.sv:]
WARNING: [filemgmt 56-199] Attempt to get parsing info during refresh. "On-the-fly" syntax checking information may be incorrect. [C:/Users/admin/Desktop/SingleCycleProcessor/SingleCycleProcessor.srcs/sources_1/new/Top.sv:]
WARNING: [filemgmt 56-199] Attempt to get parsing info during refresh. "On-the-fly" syntax checking information may be incorrect. [C:/Users/admin/Desktop/SingleCycleProcessor/SingleCycleProcessor.srcs/sources_1/new/top.sv:]
ERROR: [Common 17-180] Spawn failed: No error
WARNING: [filemgmt 56-199] Attempt to get parsing info during refresh. "On-the-fly" syntax checking information may be incorrect. [C:/Users/admin/Desktop/SingleCycleProcessor/SingleCycleProcessor.srcs/sources_1/new/Top.sv:]
WARNING: [filemgmt 56-199] Attempt to get parsing info during refresh. "On-the-fly" syntax checking information may be incorrect. [C:/Users/admin/Desktop/SingleCycleProcessor/SingleCycleProcessor.srcs/sources_1/new/top.sv:]
ERROR: [Common 17-180] Spawn failed: No error
WARNING: [filemgmt 56-199] Attempt to get parsing info during refresh. "On-the-fly" syntax checking information may be incorrect. [C:/Users/admin/Desktop/SingleCycleProcessor/SingleCycleProcessor.srcs/sources_1/new/Top.sv:]
WARNING: [filemgmt 56-199] Attempt to get parsing info during refresh. "On-the-fly" syntax checking information may be incorrect. [C:/Users/admin/Desktop/SingleCycleProcessor/SingleCycleProcessor.srcs/sources_1/new/top.sv:]
ERROR: [Common 17-180] Spawn failed: No error
WARNING: [filemgmt 56-199] Attempt to get parsing info during refresh. "On-the-fly" syntax checking information may be incorrect. [C:/Users/admin/Desktop/SingleCycleProcessor/SingleCycleProcessor.srcs/sources_1/new/Top.sv:]
WARNING: [filemgmt 56-199] Attempt to get parsing info during refresh. "On-the-fly" syntax checking information may be incorrect. [C:/Users/admin/Desktop/SingleCycleProcessor/SingleCycleProcessor.srcs/sources_1/new/top.sv:]
WARNING: [filemgmt 56-199] Attempt to get parsing info during refresh. "On-the-fly" syntax checking information may be incorrect. [C:/Users/admin/Desktop/SingleCycleProcessor/SingleCycleProcessor.srcs/sources_1/new/Top.sv:]
WARNING: [filemgmt 56-199] Attempt to get parsing info during refresh. "On-the-fly" syntax checking information may be incorrect. [C:/Users/admin/Desktop/SingleCycleProcessor/SingleCycleProcessor.srcs/sources_1/new/top.sv:]
ERROR: [Common 17-180] Spawn failed: No error
WARNING: [filemgmt 56-199] Attempt to get parsing info during refresh. "On-the-fly" syntax checking information may be incorrect. [C:/Users/admin/Desktop/SingleCycleProcessor/SingleCycleProcessor.srcs/sources_1/new/Top.sv:]
WARNING: [filemgmt 56-199] Attempt to get parsing info during refresh. "On-the-fly" syntax checking information may be incorrect. [C:/Users/admin/Desktop/SingleCycleProcessor/SingleCycleProcessor.srcs/sources_1/new/top.sv:]
ERROR: [Common 17-180] Spawn failed: No error
WARNING: [filemgmt 56-199] Attempt to get parsing info during refresh. "On-the-fly" syntax checking information may be incorrect. [C:/Users/admin/Desktop/SingleCycleProcessor/SingleCycleProcessor.srcs/sources_1/new/Top.sv:]
WARNING: [filemgmt 56-199] Attempt to get parsing info during refresh. "On-the-fly" syntax checking information may be incorrect. [C:/Users/admin/Desktop/SingleCycleProcessor/SingleCycleProcessor.srcs/sources_1/new/top.sv:]
ERROR: [Common 17-180] Spawn failed: No error
WARNING: [filemgmt 56-199] Attempt to get parsing info during refresh. "On-the-fly" syntax checking information may be incorrect. [C:/Users/admin/Desktop/SingleCycleProcessor/SingleCycleProcessor.srcs/sources_1/new/Top.sv:]
WARNING: [filemgmt 56-199] Attempt to get parsing info during refresh. "On-the-fly" syntax checking information may be incorrect. [C:/Users/admin/Desktop/SingleCycleProcessor/SingleCycleProcessor.srcs/sources_1/new/top.sv:]
ERROR: [Common 17-180] Spawn failed: No error
WARNING: [filemgmt 56-199] Attempt to get parsing info during refresh. "On-the-fly" syntax checking information may be incorrect. [C:/Users/admin/Desktop/SingleCycleProcessor/SingleCycleProcessor.srcs/sources_1/new/Top.sv:]
WARNING: [filemgmt 56-199] Attempt to get parsing info during refresh. "On-the-fly" syntax checking information may be incorrect. [C:/Users/admin/Desktop/SingleCycleProcessor/SingleCycleProcessor.srcs/sources_1/new/top.sv:]
WARNING: [filemgmt 56-199] Attempt to get parsing info during refresh. "On-the-fly" syntax checking information may be incorrect. [C:/Users/admin/Desktop/SingleCycleProcessor/SingleCycleProcessor.srcs/sources_1/new/Top.sv:]
WARNING: [filemgmt 56-199] Attempt to get parsing info during refresh. "On-the-fly" syntax checking information may be incorrect. [C:/Users/admin/Desktop/SingleCycleProcessor/SingleCycleProcessor.srcs/sources_1/new/top.sv:]
ERROR: [Common 17-180] Spawn failed: No error
WARNING: [filemgmt 56-199] Attempt to get parsing info during refresh. "On-the-fly" syntax checking information may be incorrect. [C:/Users/admin/Desktop/SingleCycleProcessor/SingleCycleProcessor.srcs/sources_1/new/Top.sv:]
WARNING: [filemgmt 56-199] Attempt to get parsing info during refresh. "On-the-fly" syntax checking information may be incorrect. [C:/Users/admin/Desktop/SingleCycleProcessor/SingleCycleProcessor.srcs/sources_1/new/top.sv:]
ERROR: [Common 17-180] Spawn failed: No error
WARNING: [filemgmt 56-199] Attempt to get parsing info during refresh. "On-the-fly" syntax checking information may be incorrect. [C:/Users/admin/Desktop/SingleCycleProcessor/SingleCycleProcessor.srcs/sources_1/new/Top.sv:]
WARNING: [filemgmt 56-199] Attempt to get parsing info during refresh. "On-the-fly" syntax checking information may be incorrect. [C:/Users/admin/Desktop/SingleCycleProcessor/SingleCycleProcessor.srcs/sources_1/new/top.sv:]
WARNING: [filemgmt 56-199] Attempt to get parsing info during refresh. "On-the-fly" syntax checking information may be incorrect. [C:/Users/admin/Desktop/SingleCycleProcessor/SingleCycleProcessor.srcs/sources_1/new/Top.sv:]
WARNING: [filemgmt 56-199] Attempt to get parsing info during refresh. "On-the-fly" syntax checking information may be incorrect. [C:/Users/admin/Desktop/SingleCycleProcessor/SingleCycleProcessor.srcs/sources_1/new/top.sv:]
ERROR: [Common 17-180] Spawn failed: No error
WARNING: [filemgmt 56-199] Attempt to get parsing info during refresh. "On-the-fly" syntax checking information may be incorrect. [C:/Users/admin/Desktop/SingleCycleProcessor/SingleCycleProcessor.srcs/sources_1/new/Top.sv:]
WARNING: [filemgmt 56-199] Attempt to get parsing info during refresh. "On-the-fly" syntax checking information may be incorrect. [C:/Users/admin/Desktop/SingleCycleProcessor/SingleCycleProcessor.srcs/sources_1/new/top.sv:]
WARNING: [filemgmt 56-199] Attempt to get parsing info during refresh. "On-the-fly" syntax checking information may be incorrect. [C:/Users/admin/Desktop/SingleCycleProcessor/SingleCycleProcessor.srcs/sources_1/new/Top.sv:]
WARNING: [filemgmt 56-199] Attempt to get parsing info during refresh. "On-the-fly" syntax checking information may be incorrect. [C:/Users/admin/Desktop/SingleCycleProcessor/SingleCycleProcessor.srcs/sources_1/new/top.sv:]
ERROR: [Common 17-180] Spawn failed: No error
WARNING: [filemgmt 56-199] Attempt to get parsing info during refresh. "On-the-fly" syntax checking information may be incorrect. [C:/Users/admin/Desktop/SingleCycleProcessor/SingleCycleProcessor.srcs/sources_1/new/Top.sv:]
WARNING: [filemgmt 56-199] Attempt to get parsing info during refresh. "On-the-fly" syntax checking information may be incorrect. [C:/Users/admin/Desktop/SingleCycleProcessor/SingleCycleProcessor.srcs/sources_1/new/top.sv:]
ERROR: [Common 17-180] Spawn failed: No error
WARNING: [filemgmt 56-199] Attempt to get parsing info during refresh. "On-the-fly" syntax checking information may be incorrect. [C:/Users/admin/Desktop/SingleCycleProcessor/SingleCycleProcessor.srcs/sources_1/new/Top.sv:]
WARNING: [filemgmt 56-199] Attempt to get parsing info during refresh. "On-the-fly" syntax checking information may be incorrect. [C:/Users/admin/Desktop/SingleCycleProcessor/SingleCycleProcessor.srcs/sources_1/new/top.sv:]
WARNING: [filemgmt 56-199] Attempt to get parsing info during refresh. "On-the-fly" syntax checking information may be incorrect. [C:/Users/admin/Desktop/SingleCycleProcessor/SingleCycleProcessor.srcs/sources_1/new/Top.sv:]
WARNING: [filemgmt 56-199] Attempt to get parsing info during refresh. "On-the-fly" syntax checking information may be incorrect. [C:/Users/admin/Desktop/SingleCycleProcessor/SingleCycleProcessor.srcs/sources_1/new/top.sv:]
ERROR: [Common 17-180] Spawn failed: No error
WARNING: [filemgmt 56-199] Attempt to get parsing info during refresh. "On-the-fly" syntax checking information may be incorrect. [C:/Users/admin/Desktop/SingleCycleProcessor/SingleCycleProcessor.srcs/sources_1/new/Top.sv:]
WARNING: [filemgmt 56-199] Attempt to get parsing info during refresh. "On-the-fly" syntax checking information may be incorrect. [C:/Users/admin/Desktop/SingleCycleProcessor/SingleCycleProcessor.srcs/sources_1/new/top.sv:]
WARNING: [filemgmt 56-199] Attempt to get parsing info during refresh. "On-the-fly" syntax checking information may be incorrect. [C:/Users/admin/Desktop/SingleCycleProcessor/SingleCycleProcessor.srcs/sources_1/new/Top.sv:]
WARNING: [filemgmt 56-199] Attempt to get parsing info during refresh. "On-the-fly" syntax checking information may be incorrect. [C:/Users/admin/Desktop/SingleCycleProcessor/SingleCycleProcessor.srcs/sources_1/new/top.sv:]
ERROR: [Common 17-180] Spawn failed: No error
WARNING: [filemgmt 56-199] Attempt to get parsing info during refresh. "On-the-fly" syntax checking information may be incorrect. [C:/Users/admin/Desktop/SingleCycleProcessor/SingleCycleProcessor.srcs/sources_1/new/Top.sv:]
WARNING: [filemgmt 56-199] Attempt to get parsing info during refresh. "On-the-fly" syntax checking information may be incorrect. [C:/Users/admin/Desktop/SingleCycleProcessor/SingleCycleProcessor.srcs/sources_1/new/top.sv:]
ERROR: [Common 17-180] Spawn failed: No error
WARNING: [filemgmt 56-199] Attempt to get parsing info during refresh. "On-the-fly" syntax checking information may be incorrect. [C:/Users/admin/Desktop/SingleCycleProcessor/SingleCycleProcessor.srcs/sources_1/new/Top.sv:]
WARNING: [filemgmt 56-199] Attempt to get parsing info during refresh. "On-the-fly" syntax checking information may be incorrect. [C:/Users/admin/Desktop/SingleCycleProcessor/SingleCycleProcessor.srcs/sources_1/new/top.sv:]
WARNING: [filemgmt 56-199] Attempt to get parsing info during refresh. "On-the-fly" syntax checking information may be incorrect. [C:/Users/admin/Desktop/SingleCycleProcessor/SingleCycleProcessor.srcs/sources_1/new/Top.sv:]
WARNING: [filemgmt 56-199] Attempt to get parsing info during refresh. "On-the-fly" syntax checking information may be incorrect. [C:/Users/admin/Desktop/SingleCycleProcessor/SingleCycleProcessor.srcs/sources_1/new/top.sv:]
ERROR: [Common 17-180] Spawn failed: No error
WARNING: [filemgmt 56-199] Attempt to get parsing info during refresh. "On-the-fly" syntax checking information may be incorrect. [C:/Users/admin/Desktop/SingleCycleProcessor/SingleCycleProcessor.srcs/sources_1/new/Top.sv:]
WARNING: [filemgmt 56-199] Attempt to get parsing info during refresh. "On-the-fly" syntax checking information may be incorrect. [C:/Users/admin/Desktop/SingleCycleProcessor/SingleCycleProcessor.srcs/sources_1/new/top.sv:]
WARNING: [filemgmt 56-199] Attempt to get parsing info during refresh. "On-the-fly" syntax checking information may be incorrect. [C:/Users/admin/Desktop/SingleCycleProcessor/SingleCycleProcessor.srcs/sources_1/new/Top.sv:]
WARNING: [filemgmt 56-199] Attempt to get parsing info during refresh. "On-the-fly" syntax checking information may be incorrect. [C:/Users/admin/Desktop/SingleCycleProcessor/SingleCycleProcessor.srcs/sources_1/new/top.sv:]
ERROR: [Common 17-180] Spawn failed: No error
WARNING: [filemgmt 56-199] Attempt to get parsing info during refresh. "On-the-fly" syntax checking information may be incorrect. [C:/Users/admin/Desktop/SingleCycleProcessor/SingleCycleProcessor.srcs/sources_1/new/Top.sv:]
WARNING: [filemgmt 56-199] Attempt to get parsing info during refresh. "On-the-fly" syntax checking information may be incorrect. [C:/Users/admin/Desktop/SingleCycleProcessor/SingleCycleProcessor.srcs/sources_1/new/top.sv:]
WARNING: [filemgmt 56-199] Attempt to get parsing info during refresh. "On-the-fly" syntax checking information may be incorrect. [C:/Users/admin/Desktop/SingleCycleProcessor/SingleCycleProcessor.srcs/sources_1/new/Top.sv:]
WARNING: [filemgmt 56-199] Attempt to get parsing info during refresh. "On-the-fly" syntax checking information may be incorrect. [C:/Users/admin/Desktop/SingleCycleProcessor/SingleCycleProcessor.srcs/sources_1/new/top.sv:]
ERROR: [Common 17-180] Spawn failed: No error
WARNING: [filemgmt 56-199] Attempt to get parsing info during refresh. "On-the-fly" syntax checking information may be incorrect. [C:/Users/admin/Desktop/SingleCycleProcessor/SingleCycleProcessor.srcs/sources_1/new/Top.sv:]
WARNING: [filemgmt 56-199] Attempt to get parsing info during refresh. "On-the-fly" syntax checking information may be incorrect. [C:/Users/admin/Desktop/SingleCycleProcessor/SingleCycleProcessor.srcs/sources_1/new/top.sv:]
ERROR: [Common 17-180] Spawn failed: No error
WARNING: [filemgmt 56-199] Attempt to get parsing info during refresh. "On-the-fly" syntax checking information may be incorrect. [C:/Users/admin/Desktop/SingleCycleProcessor/SingleCycleProcessor.srcs/sources_1/new/Top.sv:]
WARNING: [filemgmt 56-199] Attempt to get parsing info during refresh. "On-the-fly" syntax checking information may be incorrect. [C:/Users/admin/Desktop/SingleCycleProcessor/SingleCycleProcessor.srcs/sources_1/new/top.sv:]
ERROR: [Common 17-180] Spawn failed: No error
WARNING: [filemgmt 56-199] Attempt to get parsing info during refresh. "On-the-fly" syntax checking information may be incorrect. [C:/Users/admin/Desktop/SingleCycleProcessor/SingleCycleProcessor.srcs/sources_1/new/Top.sv:]
WARNING: [filemgmt 56-199] Attempt to get parsing info during refresh. "On-the-fly" syntax checking information may be incorrect. [C:/Users/admin/Desktop/SingleCycleProcessor/SingleCycleProcessor.srcs/sources_1/new/top.sv:]
ERROR: [Common 17-180] Spawn failed: No error
WARNING: [filemgmt 56-199] Attempt to get parsing info during refresh. "On-the-fly" syntax checking information may be incorrect. [C:/Users/admin/Desktop/SingleCycleProcessor/SingleCycleProcessor.srcs/sources_1/new/Top.sv:]
WARNING: [filemgmt 56-199] Attempt to get parsing info during refresh. "On-the-fly" syntax checking information may be incorrect. [C:/Users/admin/Desktop/SingleCycleProcessor/SingleCycleProcessor.srcs/sources_1/new/top.sv:]
ERROR: [Common 17-180] Spawn failed: No error
WARNING: [filemgmt 56-199] Attempt to get parsing info during refresh. "On-the-fly" syntax checking information may be incorrect. [C:/Users/admin/Desktop/SingleCycleProcessor/SingleCycleProcessor.srcs/sources_1/new/Top.sv:]
WARNING: [filemgmt 56-199] Attempt to get parsing info during refresh. "On-the-fly" syntax checking information may be incorrect. [C:/Users/admin/Desktop/SingleCycleProcessor/SingleCycleProcessor.srcs/sources_1/new/top.sv:]
ERROR: [Common 17-180] Spawn failed: No error
WARNING: [filemgmt 56-199] Attempt to get parsing info during refresh. "On-the-fly" syntax checking information may be incorrect. [C:/Users/admin/Desktop/SingleCycleProcessor/SingleCycleProcessor.srcs/sources_1/new/Top.sv:]
WARNING: [filemgmt 56-199] Attempt to get parsing info during refresh. "On-the-fly" syntax checking information may be incorrect. [C:/Users/admin/Desktop/SingleCycleProcessor/SingleCycleProcessor.srcs/sources_1/new/top.sv:]
ERROR: [Common 17-180] Spawn failed: No error
WARNING: [filemgmt 56-199] Attempt to get parsing info during refresh. "On-the-fly" syntax checking information may be incorrect. [C:/Users/admin/Desktop/SingleCycleProcessor/SingleCycleProcessor.srcs/sources_1/new/Top.sv:]
WARNING: [filemgmt 56-199] Attempt to get parsing info during refresh. "On-the-fly" syntax checking information may be incorrect. [C:/Users/admin/Desktop/SingleCycleProcessor/SingleCycleProcessor.srcs/sources_1/new/top.sv:]
ERROR: [Common 17-180] Spawn failed: No error
WARNING: [filemgmt 56-199] Attempt to get parsing info during refresh. "On-the-fly" syntax checking information may be incorrect. [C:/Users/admin/Desktop/SingleCycleProcessor/SingleCycleProcessor.srcs/sources_1/new/Top.sv:]
WARNING: [filemgmt 56-199] Attempt to get parsing info during refresh. "On-the-fly" syntax checking information may be incorrect. [C:/Users/admin/Desktop/SingleCycleProcessor/SingleCycleProcessor.srcs/sources_1/new/top.sv:]
ERROR: [Common 17-180] Spawn failed: No error
WARNING: [filemgmt 56-199] Attempt to get parsing info during refresh. "On-the-fly" syntax checking information may be incorrect. [C:/Users/admin/Desktop/SingleCycleProcessor/SingleCycleProcessor.srcs/sources_1/new/Top.sv:]
WARNING: [filemgmt 56-199] Attempt to get parsing info during refresh. "On-the-fly" syntax checking information may be incorrect. [C:/Users/admin/Desktop/SingleCycleProcessor/SingleCycleProcessor.srcs/sources_1/new/top.sv:]
WARNING: [filemgmt 56-199] Attempt to get parsing info during refresh. "On-the-fly" syntax checking information may be incorrect. [C:/Users/admin/Desktop/SingleCycleProcessor/SingleCycleProcessor.srcs/sources_1/new/Top.sv:]
WARNING: [filemgmt 56-199] Attempt to get parsing info during refresh. "On-the-fly" syntax checking information may be incorrect. [C:/Users/admin/Desktop/SingleCycleProcessor/SingleCycleProcessor.srcs/sources_1/new/top.sv:]
ERROR: [Common 17-180] Spawn failed: No error
WARNING: [filemgmt 56-199] Attempt to get parsing info during refresh. "On-the-fly" syntax checking information may be incorrect. [C:/Users/admin/Desktop/SingleCycleProcessor/SingleCycleProcessor.srcs/sources_1/new/Top.sv:]
WARNING: [filemgmt 56-199] Attempt to get parsing info during refresh. "On-the-fly" syntax checking information may be incorrect. [C:/Users/admin/Desktop/SingleCycleProcessor/SingleCycleProcessor.srcs/sources_1/new/top.sv:]
ERROR: [Common 17-180] Spawn failed: No error
WARNING: [filemgmt 56-199] Attempt to get parsing info during refresh. "On-the-fly" syntax checking information may be incorrect. [C:/Users/admin/Desktop/SingleCycleProcessor/SingleCycleProcessor.srcs/sources_1/new/Top.sv:]
WARNING: [filemgmt 56-199] Attempt to get parsing info during refresh. "On-the-fly" syntax checking information may be incorrect. [C:/Users/admin/Desktop/SingleCycleProcessor/SingleCycleProcessor.srcs/sources_1/new/top.sv:]
ERROR: [Common 17-180] Spawn failed: No error
WARNING: [filemgmt 56-199] Attempt to get parsing info during refresh. "On-the-fly" syntax checking information may be incorrect. [C:/Users/admin/Desktop/SingleCycleProcessor/SingleCycleProcessor.srcs/sources_1/new/Top.sv:]
WARNING: [filemgmt 56-199] Attempt to get parsing info during refresh. "On-the-fly" syntax checking information may be incorrect. [C:/Users/admin/Desktop/SingleCycleProcessor/SingleCycleProcessor.srcs/sources_1/new/top.sv:]
ERROR: [Common 17-180] Spawn failed: No error
WARNING: [filemgmt 56-199] Attempt to get parsing info during refresh. "On-the-fly" syntax checking information may be incorrect. [C:/Users/admin/Desktop/SingleCycleProcessor/SingleCycleProcessor.srcs/sources_1/new/Top.sv:]
WARNING: [filemgmt 56-199] Attempt to get parsing info during refresh. "On-the-fly" syntax checking information may be incorrect. [C:/Users/admin/Desktop/SingleCycleProcessor/SingleCycleProcessor.srcs/sources_1/new/top.sv:]
ERROR: [Common 17-180] Spawn failed: No error
WARNING: [filemgmt 56-199] Attempt to get parsing info during refresh. "On-the-fly" syntax checking information may be incorrect. [C:/Users/admin/Desktop/SingleCycleProcessor/SingleCycleProcessor.srcs/sources_1/new/Top.sv:]
WARNING: [filemgmt 56-199] Attempt to get parsing info during refresh. "On-the-fly" syntax checking information may be incorrect. [C:/Users/admin/Desktop/SingleCycleProcessor/SingleCycleProcessor.srcs/sources_1/new/top.sv:]
ERROR: [Common 17-180] Spawn failed: No error
WARNING: [filemgmt 56-199] Attempt to get parsing info during refresh. "On-the-fly" syntax checking information may be incorrect. [C:/Users/admin/Desktop/SingleCycleProcessor/SingleCycleProcessor.srcs/sources_1/new/Top.sv:]
WARNING: [filemgmt 56-199] Attempt to get parsing info during refresh. "On-the-fly" syntax checking information may be incorrect. [C:/Users/admin/Desktop/SingleCycleProcessor/SingleCycleProcessor.srcs/sources_1/new/top.sv:]
WARNING: [filemgmt 56-199] Attempt to get parsing info during refresh. "On-the-fly" syntax checking information may be incorrect. [C:/Users/admin/Desktop/SingleCycleProcessor/SingleCycleProcessor.srcs/sources_1/new/Top.sv:]
WARNING: [filemgmt 56-199] Attempt to get parsing info during refresh. "On-the-fly" syntax checking information may be incorrect. [C:/Users/admin/Desktop/SingleCycleProcessor/SingleCycleProcessor.srcs/sources_1/new/top.sv:]
ERROR: [Common 17-180] Spawn failed: No error
WARNING: [filemgmt 56-199] Attempt to get parsing info during refresh. "On-the-fly" syntax checking information may be incorrect. [C:/Users/admin/Desktop/SingleCycleProcessor/SingleCycleProcessor.srcs/sources_1/new/Top.sv:]
WARNING: [filemgmt 56-199] Attempt to get parsing info during refresh. "On-the-fly" syntax checking information may be incorrect. [C:/Users/admin/Desktop/SingleCycleProcessor/SingleCycleProcessor.srcs/sources_1/new/top.sv:]
WARNING: [filemgmt 56-199] Attempt to get parsing info during refresh. "On-the-fly" syntax checking information may be incorrect. [C:/Users/admin/Desktop/SingleCycleProcessor/SingleCycleProcessor.srcs/sources_1/new/Top.sv:]
WARNING: [filemgmt 56-199] Attempt to get parsing info during refresh. "On-the-fly" syntax checking information may be incorrect. [C:/Users/admin/Desktop/SingleCycleProcessor/SingleCycleProcessor.srcs/sources_1/new/top.sv:]
ERROR: [Common 17-180] Spawn failed: No error
WARNING: [filemgmt 56-199] Attempt to get parsing info during refresh. "On-the-fly" syntax checking information may be incorrect. [C:/Users/admin/Desktop/SingleCycleProcessor/SingleCycleProcessor.srcs/sources_1/new/Top.sv:]
WARNING: [filemgmt 56-199] Attempt to get parsing info during refresh. "On-the-fly" syntax checking information may be incorrect. [C:/Users/admin/Desktop/SingleCycleProcessor/SingleCycleProcessor.srcs/sources_1/new/top.sv:]
WARNING: [filemgmt 56-199] Attempt to get parsing info during refresh. "On-the-fly" syntax checking information may be incorrect. [C:/Users/admin/Desktop/SingleCycleProcessor/SingleCycleProcessor.srcs/sources_1/new/Top.sv:]
WARNING: [filemgmt 56-199] Attempt to get parsing info during refresh. "On-the-fly" syntax checking information may be incorrect. [C:/Users/admin/Desktop/SingleCycleProcessor/SingleCycleProcessor.srcs/sources_1/new/top.sv:]
ERROR: [Common 17-180] Spawn failed: No error
WARNING: [filemgmt 56-199] Attempt to get parsing info during refresh. "On-the-fly" syntax checking information may be incorrect. [C:/Users/admin/Desktop/SingleCycleProcessor/SingleCycleProcessor.srcs/sources_1/new/Top.sv:]
WARNING: [filemgmt 56-199] Attempt to get parsing info during refresh. "On-the-fly" syntax checking information may be incorrect. [C:/Users/admin/Desktop/SingleCycleProcessor/SingleCycleProcessor.srcs/sources_1/new/top.sv:]
ERROR: [Common 17-180] Spawn failed: No error
WARNING: [filemgmt 56-199] Attempt to get parsing info during refresh. "On-the-fly" syntax checking information may be incorrect. [C:/Users/admin/Desktop/SingleCycleProcessor/SingleCycleProcessor.srcs/sources_1/new/Top.sv:]
WARNING: [filemgmt 56-199] Attempt to get parsing info during refresh. "On-the-fly" syntax checking information may be incorrect. [C:/Users/admin/Desktop/SingleCycleProcessor/SingleCycleProcessor.srcs/sources_1/new/top.sv:]
WARNING: [filemgmt 56-199] Attempt to get parsing info during refresh. "On-the-fly" syntax checking information may be incorrect. [C:/Users/admin/Desktop/SingleCycleProcessor/SingleCycleProcessor.srcs/sources_1/new/Top.sv:]
WARNING: [filemgmt 56-199] Attempt to get parsing info during refresh. "On-the-fly" syntax checking information may be incorrect. [C:/Users/admin/Desktop/SingleCycleProcessor/SingleCycleProcessor.srcs/sources_1/new/top.sv:]
ERROR: [Common 17-180] Spawn failed: No error
WARNING: [filemgmt 56-199] Attempt to get parsing info during refresh. "On-the-fly" syntax checking information may be incorrect. [C:/Users/admin/Desktop/SingleCycleProcessor/SingleCycleProcessor.srcs/sources_1/new/Top.sv:]
WARNING: [filemgmt 56-199] Attempt to get parsing info during refresh. "On-the-fly" syntax checking information may be incorrect. [C:/Users/admin/Desktop/SingleCycleProcessor/SingleCycleProcessor.srcs/sources_1/new/top.sv:]
ERROR: [Common 17-180] Spawn failed: No error
WARNING: [filemgmt 56-199] Attempt to get parsing info during refresh. "On-the-fly" syntax checking information may be incorrect. [C:/Users/admin/Desktop/SingleCycleProcessor/SingleCycleProcessor.srcs/sources_1/new/Top.sv:]
WARNING: [filemgmt 56-199] Attempt to get parsing info during refresh. "On-the-fly" syntax checking information may be incorrect. [C:/Users/admin/Desktop/SingleCycleProcessor/SingleCycleProcessor.srcs/sources_1/new/top.sv:]
ERROR: [Common 17-180] Spawn failed: No error
WARNING: [filemgmt 56-199] Attempt to get parsing info during refresh. "On-the-fly" syntax checking information may be incorrect. [C:/Users/admin/Desktop/SingleCycleProcessor/SingleCycleProcessor.srcs/sources_1/new/Top.sv:]
WARNING: [filemgmt 56-199] Attempt to get parsing info during refresh. "On-the-fly" syntax checking information may be incorrect. [C:/Users/admin/Desktop/SingleCycleProcessor/SingleCycleProcessor.srcs/sources_1/new/top.sv:]
WARNING: [filemgmt 56-199] Attempt to get parsing info during refresh. "On-the-fly" syntax checking information may be incorrect. [C:/Users/admin/Desktop/SingleCycleProcessor/SingleCycleProcessor.srcs/sources_1/new/Top.sv:]
WARNING: [filemgmt 56-199] Attempt to get parsing info during refresh. "On-the-fly" syntax checking information may be incorrect. [C:/Users/admin/Desktop/SingleCycleProcessor/SingleCycleProcessor.srcs/sources_1/new/top.sv:]
ERROR: [Common 17-180] Spawn failed: No error
WARNING: [filemgmt 56-199] Attempt to get parsing info during refresh. "On-the-fly" syntax checking information may be incorrect. [C:/Users/admin/Desktop/SingleCycleProcessor/SingleCycleProcessor.srcs/sources_1/new/Top.sv:]
WARNING: [filemgmt 56-199] Attempt to get parsing info during refresh. "On-the-fly" syntax checking information may be incorrect. [C:/Users/admin/Desktop/SingleCycleProcessor/SingleCycleProcessor.srcs/sources_1/new/top.sv:]
ERROR: [Common 17-180] Spawn failed: No error
WARNING: [filemgmt 56-199] Attempt to get parsing info during refresh. "On-the-fly" syntax checking information may be incorrect. [C:/Users/admin/Desktop/SingleCycleProcessor/SingleCycleProcessor.srcs/sources_1/new/Top.sv:]
WARNING: [filemgmt 56-199] Attempt to get parsing info during refresh. "On-the-fly" syntax checking information may be incorrect. [C:/Users/admin/Desktop/SingleCycleProcessor/SingleCycleProcessor.srcs/sources_1/new/top.sv:]
ERROR: [Common 17-180] Spawn failed: No error
WARNING: [filemgmt 56-199] Attempt to get parsing info during refresh. "On-the-fly" syntax checking information may be incorrect. [C:/Users/admin/Desktop/SingleCycleProcessor/SingleCycleProcessor.srcs/sources_1/new/Top.sv:]
WARNING: [filemgmt 56-199] Attempt to get parsing info during refresh. "On-the-fly" syntax checking information may be incorrect. [C:/Users/admin/Desktop/SingleCycleProcessor/SingleCycleProcessor.srcs/sources_1/new/top.sv:]
ERROR: [Common 17-180] Spawn failed: No error
WARNING: [filemgmt 56-199] Attempt to get parsing info during refresh. "On-the-fly" syntax checking information may be incorrect. [C:/Users/admin/Desktop/SingleCycleProcessor/SingleCycleProcessor.srcs/sources_1/new/Top.sv:]
WARNING: [filemgmt 56-199] Attempt to get parsing info during refresh. "On-the-fly" syntax checking information may be incorrect. [C:/Users/admin/Desktop/SingleCycleProcessor/SingleCycleProcessor.srcs/sources_1/new/top.sv:]
WARNING: [filemgmt 56-199] Attempt to get parsing info during refresh. "On-the-fly" syntax checking information may be incorrect. [C:/Users/admin/Desktop/SingleCycleProcessor/SingleCycleProcessor.srcs/sources_1/new/Top.sv:]
WARNING: [filemgmt 56-199] Attempt to get parsing info during refresh. "On-the-fly" syntax checking information may be incorrect. [C:/Users/admin/Desktop/SingleCycleProcessor/SingleCycleProcessor.srcs/sources_1/new/top.sv:]
ERROR: [Common 17-180] Spawn failed: No error
WARNING: [filemgmt 56-199] Attempt to get parsing info during refresh. "On-the-fly" syntax checking information may be incorrect. [C:/Users/admin/Desktop/SingleCycleProcessor/SingleCycleProcessor.srcs/sources_1/new/Top.sv:]
WARNING: [filemgmt 56-199] Attempt to get parsing info during refresh. "On-the-fly" syntax checking information may be incorrect. [C:/Users/admin/Desktop/SingleCycleProcessor/SingleCycleProcessor.srcs/sources_1/new/top.sv:]
ERROR: [Common 17-180] Spawn failed: No error
WARNING: [filemgmt 56-199] Attempt to get parsing info during refresh. "On-the-fly" syntax checking information may be incorrect. [C:/Users/admin/Desktop/SingleCycleProcessor/SingleCycleProcessor.srcs/sources_1/new/Top.sv:]
WARNING: [filemgmt 56-199] Attempt to get parsing info during refresh. "On-the-fly" syntax checking information may be incorrect. [C:/Users/admin/Desktop/SingleCycleProcessor/SingleCycleProcessor.srcs/sources_1/new/top.sv:]
WARNING: [filemgmt 56-199] Attempt to get parsing info during refresh. "On-the-fly" syntax checking information may be incorrect. [C:/Users/admin/Desktop/SingleCycleProcessor/SingleCycleProcessor.srcs/sources_1/new/Top.sv:]
WARNING: [filemgmt 56-199] Attempt to get parsing info during refresh. "On-the-fly" syntax checking information may be incorrect. [C:/Users/admin/Desktop/SingleCycleProcessor/SingleCycleProcessor.srcs/sources_1/new/top.sv:]
ERROR: [Common 17-180] Spawn failed: No error
WARNING: [filemgmt 56-199] Attempt to get parsing info during refresh. "On-the-fly" syntax checking information may be incorrect. [C:/Users/admin/Desktop/SingleCycleProcessor/SingleCycleProcessor.srcs/sources_1/new/Top.sv:]
WARNING: [filemgmt 56-199] Attempt to get parsing info during refresh. "On-the-fly" syntax checking information may be incorrect. [C:/Users/admin/Desktop/SingleCycleProcessor/SingleCycleProcessor.srcs/sources_1/new/top.sv:]
WARNING: [filemgmt 56-199] Attempt to get parsing info during refresh. "On-the-fly" syntax checking information may be incorrect. [C:/Users/admin/Desktop/SingleCycleProcessor/SingleCycleProcessor.srcs/sources_1/new/Top.sv:]
WARNING: [filemgmt 56-199] Attempt to get parsing info during refresh. "On-the-fly" syntax checking information may be incorrect. [C:/Users/admin/Desktop/SingleCycleProcessor/SingleCycleProcessor.srcs/sources_1/new/top.sv:]
ERROR: [Common 17-180] Spawn failed: No error
WARNING: [filemgmt 56-199] Attempt to get parsing info during refresh. "On-the-fly" syntax checking information may be incorrect. [C:/Users/admin/Desktop/SingleCycleProcessor/SingleCycleProcessor.srcs/sources_1/new/Top.sv:]
WARNING: [filemgmt 56-199] Attempt to get parsing info during refresh. "On-the-fly" syntax checking information may be incorrect. [C:/Users/admin/Desktop/SingleCycleProcessor/SingleCycleProcessor.srcs/sources_1/new/top.sv:]
WARNING: [filemgmt 56-199] Attempt to get parsing info during refresh. "On-the-fly" syntax checking information may be incorrect. [C:/Users/admin/Desktop/SingleCycleProcessor/SingleCycleProcessor.srcs/sources_1/new/Top.sv:]
WARNING: [filemgmt 56-199] Attempt to get parsing info during refresh. "On-the-fly" syntax checking information may be incorrect. [C:/Users/admin/Desktop/SingleCycleProcessor/SingleCycleProcessor.srcs/sources_1/new/top.sv:]
ERROR: [Common 17-180] Spawn failed: No error
WARNING: [filemgmt 56-199] Attempt to get parsing info during refresh. "On-the-fly" syntax checking information may be incorrect. [C:/Users/admin/Desktop/SingleCycleProcessor/SingleCycleProcessor.srcs/sources_1/new/Top.sv:]
WARNING: [filemgmt 56-199] Attempt to get parsing info during refresh. "On-the-fly" syntax checking information may be incorrect. [C:/Users/admin/Desktop/SingleCycleProcessor/SingleCycleProcessor.srcs/sources_1/new/top.sv:]
ERROR: [Common 17-180] Spawn failed: No error
WARNING: [filemgmt 56-199] Attempt to get parsing info during refresh. "On-the-fly" syntax checking information may be incorrect. [C:/Users/admin/Desktop/SingleCycleProcessor/SingleCycleProcessor.srcs/sources_1/new/Top.sv:]
WARNING: [filemgmt 56-199] Attempt to get parsing info during refresh. "On-the-fly" syntax checking information may be incorrect. [C:/Users/admin/Desktop/SingleCycleProcessor/SingleCycleProcessor.srcs/sources_1/new/top.sv:]
WARNING: [filemgmt 56-199] Attempt to get parsing info during refresh. "On-the-fly" syntax checking information may be incorrect. [C:/Users/admin/Desktop/SingleCycleProcessor/SingleCycleProcessor.srcs/sources_1/new/Top.sv:]
WARNING: [filemgmt 56-199] Attempt to get parsing info during refresh. "On-the-fly" syntax checking information may be incorrect. [C:/Users/admin/Desktop/SingleCycleProcessor/SingleCycleProcessor.srcs/sources_1/new/top.sv:]
ERROR: [Common 17-180] Spawn failed: No error
WARNING: [filemgmt 56-199] Attempt to get parsing info during refresh. "On-the-fly" syntax checking information may be incorrect. [C:/Users/admin/Desktop/SingleCycleProcessor/SingleCycleProcessor.srcs/sources_1/new/Top.sv:]
WARNING: [filemgmt 56-199] Attempt to get parsing info during refresh. "On-the-fly" syntax checking information may be incorrect. [C:/Users/admin/Desktop/SingleCycleProcessor/SingleCycleProcessor.srcs/sources_1/new/top.sv:]
WARNING: [filemgmt 56-199] Attempt to get parsing info during refresh. "On-the-fly" syntax checking information may be incorrect. [C:/Users/admin/Desktop/SingleCycleProcessor/SingleCycleProcessor.srcs/sources_1/new/Top.sv:]
WARNING: [filemgmt 56-199] Attempt to get parsing info during refresh. "On-the-fly" syntax checking information may be incorrect. [C:/Users/admin/Desktop/SingleCycleProcessor/SingleCycleProcessor.srcs/sources_1/new/top.sv:]
ERROR: [Common 17-180] Spawn failed: No error
WARNING: [filemgmt 56-199] Attempt to get parsing info during refresh. "On-the-fly" syntax checking information may be incorrect. [C:/Users/admin/Desktop/SingleCycleProcessor/SingleCycleProcessor.srcs/sources_1/new/Top.sv:]
WARNING: [filemgmt 56-199] Attempt to get parsing info during refresh. "On-the-fly" syntax checking information may be incorrect. [C:/Users/admin/Desktop/SingleCycleProcessor/SingleCycleProcessor.srcs/sources_1/new/top.sv:]
ERROR: [Common 17-180] Spawn failed: No error
WARNING: [filemgmt 56-199] Attempt to get parsing info during refresh. "On-the-fly" syntax checking information may be incorrect. [C:/Users/admin/Desktop/SingleCycleProcessor/SingleCycleProcessor.srcs/sources_1/new/Top.sv:]
WARNING: [filemgmt 56-199] Attempt to get parsing info during refresh. "On-the-fly" syntax checking information may be incorrect. [C:/Users/admin/Desktop/SingleCycleProcessor/SingleCycleProcessor.srcs/sources_1/new/top.sv:]
ERROR: [Common 17-180] Spawn failed: No error
WARNING: [filemgmt 56-199] Attempt to get parsing info during refresh. "On-the-fly" syntax checking information may be incorrect. [C:/Users/admin/Desktop/SingleCycleProcessor/SingleCycleProcessor.srcs/sources_1/new/Top.sv:]
WARNING: [filemgmt 56-199] Attempt to get parsing info during refresh. "On-the-fly" syntax checking information may be incorrect. [C:/Users/admin/Desktop/SingleCycleProcessor/SingleCycleProcessor.srcs/sources_1/new/top.sv:]
ERROR: [Common 17-180] Spawn failed: No error
WARNING: [filemgmt 56-199] Attempt to get parsing info during refresh. "On-the-fly" syntax checking information may be incorrect. [C:/Users/admin/Desktop/SingleCycleProcessor/SingleCycleProcessor.srcs/sources_1/new/Top.sv:]
WARNING: [filemgmt 56-199] Attempt to get parsing info during refresh. "On-the-fly" syntax checking information may be incorrect. [C:/Users/admin/Desktop/SingleCycleProcessor/SingleCycleProcessor.srcs/sources_1/new/top.sv:]
ERROR: [Common 17-180] Spawn failed: No error
WARNING: [filemgmt 56-199] Attempt to get parsing info during refresh. "On-the-fly" syntax checking information may be incorrect. [C:/Users/admin/Desktop/SingleCycleProcessor/SingleCycleProcessor.srcs/sources_1/new/Top.sv:]
WARNING: [filemgmt 56-199] Attempt to get parsing info during refresh. "On-the-fly" syntax checking information may be incorrect. [C:/Users/admin/Desktop/SingleCycleProcessor/SingleCycleProcessor.srcs/sources_1/new/top.sv:]
WARNING: [filemgmt 56-199] Attempt to get parsing info during refresh. "On-the-fly" syntax checking information may be incorrect. [C:/Users/admin/Desktop/SingleCycleProcessor/SingleCycleProcessor.srcs/sources_1/new/Top.sv:]
WARNING: [filemgmt 56-199] Attempt to get parsing info during refresh. "On-the-fly" syntax checking information may be incorrect. [C:/Users/admin/Desktop/SingleCycleProcessor/SingleCycleProcessor.srcs/sources_1/new/top.sv:]
ERROR: [Common 17-180] Spawn failed: No error
WARNING: [filemgmt 56-199] Attempt to get parsing info during refresh. "On-the-fly" syntax checking information may be incorrect. [C:/Users/admin/Desktop/SingleCycleProcessor/SingleCycleProcessor.srcs/sources_1/new/Top.sv:]
WARNING: [filemgmt 56-199] Attempt to get parsing info during refresh. "On-the-fly" syntax checking information may be incorrect. [C:/Users/admin/Desktop/SingleCycleProcessor/SingleCycleProcessor.srcs/sources_1/new/top.sv:]
ERROR: [Common 17-180] Spawn failed: No error
WARNING: [filemgmt 56-199] Attempt to get parsing info during refresh. "On-the-fly" syntax checking information may be incorrect. [C:/Users/admin/Desktop/SingleCycleProcessor/SingleCycleProcessor.srcs/sources_1/new/Top.sv:]
WARNING: [filemgmt 56-199] Attempt to get parsing info during refresh. "On-the-fly" syntax checking information may be incorrect. [C:/Users/admin/Desktop/SingleCycleProcessor/SingleCycleProcessor.srcs/sources_1/new/top.sv:]
ERROR: [Common 17-180] Spawn failed: No error
WARNING: [filemgmt 56-199] Attempt to get parsing info during refresh. "On-the-fly" syntax checking information may be incorrect. [C:/Users/admin/Desktop/SingleCycleProcessor/SingleCycleProcessor.srcs/sources_1/new/Top.sv:]
WARNING: [filemgmt 56-199] Attempt to get parsing info during refresh. "On-the-fly" syntax checking information may be incorrect. [C:/Users/admin/Desktop/SingleCycleProcessor/SingleCycleProcessor.srcs/sources_1/new/top.sv:]
ERROR: [Common 17-180] Spawn failed: No error
WARNING: [filemgmt 56-199] Attempt to get parsing info during refresh. "On-the-fly" syntax checking information may be incorrect. [C:/Users/admin/Desktop/SingleCycleProcessor/SingleCycleProcessor.srcs/sources_1/new/Top.sv:]
WARNING: [filemgmt 56-199] Attempt to get parsing info during refresh. "On-the-fly" syntax checking information may be incorrect. [C:/Users/admin/Desktop/SingleCycleProcessor/SingleCycleProcessor.srcs/sources_1/new/top.sv:]
ERROR: [Common 17-180] Spawn failed: No error
WARNING: [filemgmt 56-199] Attempt to get parsing info during refresh. "On-the-fly" syntax checking information may be incorrect. [C:/Users/admin/Desktop/SingleCycleProcessor/SingleCycleProcessor.srcs/sources_1/new/Top.sv:]
WARNING: [filemgmt 56-199] Attempt to get parsing info during refresh. "On-the-fly" syntax checking information may be incorrect. [C:/Users/admin/Desktop/SingleCycleProcessor/SingleCycleProcessor.srcs/sources_1/new/top.sv:]
ERROR: [Common 17-180] Spawn failed: No error
WARNING: [filemgmt 56-199] Attempt to get parsing info during refresh. "On-the-fly" syntax checking information may be incorrect. [C:/Users/admin/Desktop/SingleCycleProcessor/SingleCycleProcessor.srcs/sources_1/new/Top.sv:]
WARNING: [filemgmt 56-199] Attempt to get parsing info during refresh. "On-the-fly" syntax checking information may be incorrect. [C:/Users/admin/Desktop/SingleCycleProcessor/SingleCycleProcessor.srcs/sources_1/new/top.sv:]
ERROR: [Common 17-180] Spawn failed: No error
WARNING: [filemgmt 56-199] Attempt to get parsing info during refresh. "On-the-fly" syntax checking information may be incorrect. [C:/Users/admin/Desktop/SingleCycleProcessor/SingleCycleProcessor.srcs/sources_1/new/Top.sv:]
WARNING: [filemgmt 56-199] Attempt to get parsing info during refresh. "On-the-fly" syntax checking information may be incorrect. [C:/Users/admin/Desktop/SingleCycleProcessor/SingleCycleProcessor.srcs/sources_1/new/top.sv:]
ERROR: [Common 17-180] Spawn failed: No error
WARNING: [filemgmt 56-199] Attempt to get parsing info during refresh. "On-the-fly" syntax checking information may be incorrect. [C:/Users/admin/Desktop/SingleCycleProcessor/SingleCycleProcessor.srcs/sources_1/new/Top.sv:]
WARNING: [filemgmt 56-199] Attempt to get parsing info during refresh. "On-the-fly" syntax checking information may be incorrect. [C:/Users/admin/Desktop/SingleCycleProcessor/SingleCycleProcessor.srcs/sources_1/new/top.sv:]
ERROR: [Common 17-180] Spawn failed: No error
WARNING: [filemgmt 56-199] Attempt to get parsing info during refresh. "On-the-fly" syntax checking information may be incorrect. [C:/Users/admin/Desktop/SingleCycleProcessor/SingleCycleProcessor.srcs/sources_1/new/Top.sv:]
WARNING: [filemgmt 56-199] Attempt to get parsing info during refresh. "On-the-fly" syntax checking information may be incorrect. [C:/Users/admin/Desktop/SingleCycleProcessor/SingleCycleProcessor.srcs/sources_1/new/top.sv:]
ERROR: [Common 17-180] Spawn failed: No error
WARNING: [filemgmt 56-199] Attempt to get parsing info during refresh. "On-the-fly" syntax checking information may be incorrect. [C:/Users/admin/Desktop/SingleCycleProcessor/SingleCycleProcessor.srcs/sources_1/new/Top.sv:]
WARNING: [filemgmt 56-199] Attempt to get parsing info during refresh. "On-the-fly" syntax checking information may be incorrect. [C:/Users/admin/Desktop/SingleCycleProcessor/SingleCycleProcessor.srcs/sources_1/new/top.sv:]
ERROR: [Common 17-180] Spawn failed: No error
WARNING: [filemgmt 56-199] Attempt to get parsing info during refresh. "On-the-fly" syntax checking information may be incorrect. [C:/Users/admin/Desktop/SingleCycleProcessor/SingleCycleProcessor.srcs/sources_1/new/Top.sv:]
WARNING: [filemgmt 56-199] Attempt to get parsing info during refresh. "On-the-fly" syntax checking information may be incorrect. [C:/Users/admin/Desktop/SingleCycleProcessor/SingleCycleProcessor.srcs/sources_1/new/top.sv:]
WARNING: [filemgmt 56-199] Attempt to get parsing info during refresh. "On-the-fly" syntax checking information may be incorrect. [C:/Users/admin/Desktop/SingleCycleProcessor/SingleCycleProcessor.srcs/sources_1/new/Top.sv:]
WARNING: [filemgmt 56-199] Attempt to get parsing info during refresh. "On-the-fly" syntax checking information may be incorrect. [C:/Users/admin/Desktop/SingleCycleProcessor/SingleCycleProcessor.srcs/sources_1/new/top.sv:]
update_compile_order -fileset sources_1
ERROR: [Common 17-180] Spawn failed: No error
WARNING: [filemgmt 56-199] Attempt to get parsing info during refresh. "On-the-fly" syntax checking information may be incorrect. [C:/Users/admin/Desktop/SingleCycleProcessor/SingleCycleProcessor.srcs/sources_1/new/Top.sv:]
WARNING: [filemgmt 56-199] Attempt to get parsing info during refresh. "On-the-fly" syntax checking information may be incorrect. [C:/Users/admin/Desktop/SingleCycleProcessor/SingleCycleProcessor.srcs/sources_1/new/top.sv:]
WARNING: [filemgmt 56-199] Attempt to get parsing info during refresh. "On-the-fly" syntax checking information may be incorrect. [C:/Users/admin/Desktop/SingleCycleProcessor/SingleCycleProcessor.srcs/sources_1/new/Top.sv:]
WARNING: [filemgmt 56-199] Attempt to get parsing info during refresh. "On-the-fly" syntax checking information may be incorrect. [C:/Users/admin/Desktop/SingleCycleProcessor/SingleCycleProcessor.srcs/sources_1/new/top.sv:]
ERROR: [Common 17-180] Spawn failed: No error
WARNING: [filemgmt 56-199] Attempt to get parsing info during refresh. "On-the-fly" syntax checking information may be incorrect. [C:/Users/admin/Desktop/SingleCycleProcessor/SingleCycleProcessor.srcs/sources_1/new/Top.sv:]
WARNING: [filemgmt 56-199] Attempt to get parsing info during refresh. "On-the-fly" syntax checking information may be incorrect. [C:/Users/admin/Desktop/SingleCycleProcessor/SingleCycleProcessor.srcs/sources_1/new/top.sv:]
ERROR: [Common 17-180] Spawn failed: No error
update_compile_order -fileset sources_1
WARNING: [filemgmt 56-199] Attempt to get parsing info during refresh. "On-the-fly" syntax checking information may be incorrect. [C:/Users/admin/Desktop/SingleCycleProcessor/SingleCycleProcessor.srcs/sources_1/new/Top.sv:]
WARNING: [filemgmt 56-199] Attempt to get parsing info during refresh. "On-the-fly" syntax checking information may be incorrect. [C:/Users/admin/Desktop/SingleCycleProcessor/SingleCycleProcessor.srcs/sources_1/new/top.sv:]
WARNING: [filemgmt 56-199] Attempt to get parsing info during refresh. "On-the-fly" syntax checking information may be incorrect. [C:/Users/admin/Desktop/SingleCycleProcessor/SingleCycleProcessor.srcs/sources_1/new/Top.sv:]
WARNING: [filemgmt 56-199] Attempt to get parsing info during refresh. "On-the-fly" syntax checking information may be incorrect. [C:/Users/admin/Desktop/SingleCycleProcessor/SingleCycleProcessor.srcs/sources_1/new/top.sv:]
WARNING: [filemgmt 56-199] Attempt to get parsing info during refresh. "On-the-fly" syntax checking information may be incorrect. [C:/Users/admin/Desktop/SingleCycleProcessor/SingleCycleProcessor.srcs/sources_1/new/Top.sv:]
WARNING: [filemgmt 56-199] Attempt to get parsing info during refresh. "On-the-fly" syntax checking information may be incorrect. [C:/Users/admin/Desktop/SingleCycleProcessor/SingleCycleProcessor.srcs/sources_1/new/top.sv:]
ERROR: [Common 17-180] Spawn failed: No error
WARNING: [filemgmt 56-199] Attempt to get parsing info during refresh. "On-the-fly" syntax checking information may be incorrect. [C:/Users/admin/Desktop/SingleCycleProcessor/SingleCycleProcessor.srcs/sources_1/new/Top.sv:]
WARNING: [filemgmt 56-199] Attempt to get parsing info during refresh. "On-the-fly" syntax checking information may be incorrect. [C:/Users/admin/Desktop/SingleCycleProcessor/SingleCycleProcessor.srcs/sources_1/new/top.sv:]
update_compile_order -fileset sources_1
ERROR: [Common 17-180] Spawn failed: No error
WARNING: [filemgmt 56-199] Attempt to get parsing info during refresh. "On-the-fly" syntax checking information may be incorrect. [C:/Users/admin/Desktop/SingleCycleProcessor/SingleCycleProcessor.srcs/sources_1/new/Top.sv:]
WARNING: [filemgmt 56-199] Attempt to get parsing info during refresh. "On-the-fly" syntax checking information may be incorrect. [C:/Users/admin/Desktop/SingleCycleProcessor/SingleCycleProcessor.srcs/sources_1/new/top.sv:]
ERROR: [Common 17-180] Spawn failed: No error
WARNING: [filemgmt 56-199] Attempt to get parsing info during refresh. "On-the-fly" syntax checking information may be incorrect. [C:/Users/admin/Desktop/SingleCycleProcessor/SingleCycleProcessor.srcs/sources_1/new/Top.sv:]
WARNING: [filemgmt 56-199] Attempt to get parsing info during refresh. "On-the-fly" syntax checking information may be incorrect. [C:/Users/admin/Desktop/SingleCycleProcessor/SingleCycleProcessor.srcs/sources_1/new/top.sv:]
ERROR: [Common 17-180] Spawn failed: No error
update_compile_order -fileset sources_1
WARNING: [filemgmt 56-199] Attempt to get parsing info during refresh. "On-the-fly" syntax checking information may be incorrect. [C:/Users/admin/Desktop/SingleCycleProcessor/SingleCycleProcessor.srcs/sources_1/new/Top.sv:]
WARNING: [filemgmt 56-199] Attempt to get parsing info during refresh. "On-the-fly" syntax checking information may be incorrect. [C:/Users/admin/Desktop/SingleCycleProcessor/SingleCycleProcessor.srcs/sources_1/new/top.sv:]
ERROR: [Common 17-180] Spawn failed: No error
WARNING: [filemgmt 56-199] Attempt to get parsing info during refresh. "On-the-fly" syntax checking information may be incorrect. [C:/Users/admin/Desktop/SingleCycleProcessor/SingleCycleProcessor.srcs/sources_1/new/Top.sv:]
WARNING: [filemgmt 56-199] Attempt to get parsing info during refresh. "On-the-fly" syntax checking information may be incorrect. [C:/Users/admin/Desktop/SingleCycleProcessor/SingleCycleProcessor.srcs/sources_1/new/top.sv:]
ERROR: [Common 17-180] Spawn failed: No error
WARNING: [filemgmt 56-199] Attempt to get parsing info during refresh. "On-the-fly" syntax checking information may be incorrect. [C:/Users/admin/Desktop/SingleCycleProcessor/SingleCycleProcessor.srcs/sources_1/new/Top.sv:]
WARNING: [filemgmt 56-199] Attempt to get parsing info during refresh. "On-the-fly" syntax checking information may be incorrect. [C:/Users/admin/Desktop/SingleCycleProcessor/SingleCycleProcessor.srcs/sources_1/new/top.sv:]
WARNING: [filemgmt 56-199] Attempt to get parsing info during refresh. "On-the-fly" syntax checking information may be incorrect. [C:/Users/admin/Desktop/SingleCycleProcessor/SingleCycleProcessor.srcs/sources_1/new/Top.sv:]
WARNING: [filemgmt 56-199] Attempt to get parsing info during refresh. "On-the-fly" syntax checking information may be incorrect. [C:/Users/admin/Desktop/SingleCycleProcessor/SingleCycleProcessor.srcs/sources_1/new/top.sv:]
ERROR: [Common 17-180] Spawn failed: No error
WARNING: [filemgmt 56-199] Attempt to get parsing info during refresh. "On-the-fly" syntax checking information may be incorrect. [C:/Users/admin/Desktop/SingleCycleProcessor/SingleCycleProcessor.srcs/sources_1/new/Top.sv:]
WARNING: [filemgmt 56-199] Attempt to get parsing info during refresh. "On-the-fly" syntax checking information may be incorrect. [C:/Users/admin/Desktop/SingleCycleProcessor/SingleCycleProcessor.srcs/sources_1/new/top.sv:]
ERROR: [Common 17-180] Spawn failed: No error
update_compile_order -fileset sources_1
update_compile_order -fileset sim_1
update_compile_order -fileset sim_1
reset_run synth_1
launch_runs synth_1 -jobs 8
[Thu Mar 31 20:33:59 2022] Launched synth_1...
Run output will be captured here: C:/Users/admin/Desktop/SingleCycleProcessor/SingleCycleProcessor.runs/synth_1/runme.log
add_files -norecurse C:/Users/admin/Desktop/SingleCycleProcessor/SingleCycleProcessor.srcs/sources_1/new/mux2.sv
update_compile_order -fileset sources_1
reset_run synth_1
launch_runs synth_1 -jobs 8
[Thu Mar 31 20:35:51 2022] Launched synth_1...
Run output will be captured here: C:/Users/admin/Desktop/SingleCycleProcessor/SingleCycleProcessor.runs/synth_1/runme.log
launch_simulation
INFO: [Vivado 12-5682] Launching behavioral simulation in 'C:/Users/admin/Desktop/SingleCycleProcessor/SingleCycleProcessor.sim/sim_1/behav/xsim'
INFO: [SIM-utils-51] Simulation object is 'sim_1'
INFO: [SIM-utils-54] Inspecting design source files for 'testbench' in fileset 'sim_1'...
INFO: [SIM-utils-43] Exported 'C:/Users/admin/Desktop/SingleCycleProcessor/SingleCycleProcessor.sim/sim_1/behav/xsim/memfile2.dat'
INFO: [SIM-utils-43] Exported 'C:/Users/admin/Desktop/SingleCycleProcessor/SingleCycleProcessor.sim/sim_1/behav/xsim/memfile.dat'
INFO: [SIM-utils-43] Exported 'C:/Users/admin/Desktop/SingleCycleProcessor/SingleCycleProcessor.sim/sim_1/behav/xsim/memfile1.dat'
INFO: [USF-XSim-97] Finding global include files...
INFO: [USF-XSim-98] Fetching design files from 'sim_1'...
INFO: [USF-XSim-2] XSim::Compile design
INFO: [USF-XSim-61] Executing 'COMPILE and ANALYZE' step in 'C:/Users/admin/Desktop/SingleCycleProcessor/SingleCycleProcessor.sim/sim_1/behav/xsim'
"xvlog --incr --relax -prj testbench_vlog.prj"
INFO: [VRFC 10-2263] Analyzing SystemVerilog file "C:/Users/admin/Desktop/SingleCycleProcessor/SingleCycleProcessor.srcs/sources_1/new/adder.sv" into library xil_defaultlib
INFO: [VRFC 10-311] analyzing module adder
INFO: [VRFC 10-2263] Analyzing SystemVerilog file "C:/Users/admin/Desktop/SingleCycleProcessor/SingleCycleProcessor.srcs/sources_1/new/alu.sv" into library xil_defaultlib
INFO: [VRFC 10-311] analyzing module alu
INFO: [VRFC 10-2263] Analyzing SystemVerilog file "C:/Users/admin/Desktop/SingleCycleProcessor/SingleCycleProcessor.srcs/sources_1/new/aludec.sv" into library xil_defaultlib
INFO: [VRFC 10-311] analyzing module aludec
INFO: [VRFC 10-2263] Analyzing SystemVerilog file "C:/Users/admin/Desktop/SingleCycleProcessor/SingleCycleProcessor.srcs/sources_1/new/controller.sv" into library xil_defaultlib
INFO: [VRFC 10-311] analyzing module controller
INFO: [VRFC 10-2263] Analyzing SystemVerilog file "C:/Users/admin/Desktop/SingleCycleProcessor/SingleCycleProcessor.srcs/sources_1/new/datapath.sv" into library xil_defaultlib
INFO: [VRFC 10-311] analyzing module datapath
INFO: [VRFC 10-2263] Analyzing SystemVerilog file "C:/Users/admin/Desktop/SingleCycleProcessor/SingleCycleProcessor.srcs/sources_1/new/dmem.sv" into library xil_defaultlib
INFO: [VRFC 10-311] analyzing module dmem
INFO: [VRFC 10-2263] Analyzing SystemVerilog file "C:/Users/admin/Desktop/SingleCycleProcessor/SingleCycleProcessor.srcs/sources_1/new/flopr.sv" into library xil_defaultlib
INFO: [VRFC 10-311] analyzing module flopr
INFO: [VRFC 10-2263] Analyzing SystemVerilog file "C:/Users/admin/Desktop/SingleCycleProcessor/SingleCycleProcessor.srcs/sources_1/new/imem.sv" into library xil_defaultlib
INFO: [VRFC 10-311] analyzing module imem
INFO: [VRFC 10-2263] Analyzing SystemVerilog file "C:/Users/admin/Desktop/SingleCycleProcessor/SingleCycleProcessor.srcs/sources_1/new/maindec.sv" into library xil_defaultlib
INFO: [VRFC 10-311] analyzing module maindec
INFO: [VRFC 10-2263] Analyzing SystemVerilog file "C:/Users/admin/Desktop/SingleCycleProcessor/SingleCycleProcessor.srcs/sources_1/new/mips.sv" into library xil_defaultlib
INFO: [VRFC 10-311] analyzing module mips
INFO: [VRFC 10-2263] Analyzing SystemVerilog file "C:/Users/admin/Desktop/SingleCycleProcessor/SingleCycleProcessor.srcs/sources_1/new/mux2.sv" into library xil_defaultlib
INFO: [VRFC 10-311] analyzing module mux2
INFO: [VRFC 10-2263] Analyzing SystemVerilog file "C:/Users/admin/Desktop/SingleCycleProcessor/SingleCycleProcessor.srcs/sources_1/new/regfile.sv" into library xil_defaultlib
INFO: [VRFC 10-311] analyzing module regfile
INFO: [VRFC 10-2263] Analyzing SystemVerilog file "C:/Users/admin/Desktop/SingleCycleProcessor/SingleCycleProcessor.srcs/sources_1/new/s12.sv" into library xil_defaultlib
INFO: [VRFC 10-311] analyzing module s12
INFO: [VRFC 10-2263] Analyzing SystemVerilog file "C:/Users/admin/Desktop/SingleCycleProcessor/SingleCycleProcessor.srcs/sources_1/new/signext.sv" into library xil_defaultlib
INFO: [VRFC 10-311] analyzing module signext
INFO: [VRFC 10-2263] Analyzing SystemVerilog file "C:/Users/admin/Desktop/SingleCycleProcessor/SingleCycleProcessor.srcs/sources_1/new/top.sv" into library xil_defaultlib
INFO: [VRFC 10-311] analyzing module top
INFO: [VRFC 10-2263] Analyzing SystemVerilog file "C:/Users/admin/Desktop/SingleCycleProcessor/SingleCycleProcessor.srcs/sources_1/new/unsignext.sv" into library xil_defaultlib
INFO: [VRFC 10-311] analyzing module unsignext
INFO: [VRFC 10-2263] Analyzing SystemVerilog file "C:/Users/admin/Desktop/SingleCycleProcessor/SingleCycleProcessor.srcs/sim_1/new/testbench.sv" into library xil_defaultlib
INFO: [VRFC 10-311] analyzing module testbench
INFO: [VRFC 10-2263] Analyzing Verilog file "C:/Users/admin/Desktop/SingleCycleProcessor/SingleCycleProcessor.sim/sim_1/behav/xsim/glbl.v" into library xil_defaultlib
INFO: [VRFC 10-311] analyzing module glbl
INFO: [USF-XSim-69] 'compile' step finished in '1' seconds
INFO: [USF-XSim-3] XSim::Elaborate design
INFO: [USF-XSim-61] Executing 'ELABORATE' step in 'C:/Users/admin/Desktop/SingleCycleProcessor/SingleCycleProcessor.sim/sim_1/behav/xsim'
Vivado Simulator 2018.3
Copyright 1986-1999, 2001-2018 Xilinx, Inc. All Rights Reserved.
Running: D:/Softwares/Vivado/2018.3/bin/unwrapped/win64.o/xelab.exe -wto dd27c7d649d041eaa8e8c362d31a00fb --incr --debug typical --relax --mt 2 -L xil_defaultlib -L unisims_ver -L unimacro_ver -L secureip --snapshot testbench_behav xil_defaultlib.testbench xil_defaultlib.glbl -log elaborate.log 
Using 2 slave threads.
Starting static elaboration
Completed static elaboration
Starting simulation data flow analysis
Completed simulation data flow analysis
Time Resolution for simulation is 1ps
Compiling module xil_defaultlib.maindec
Compiling module xil_defaultlib.aludec
Compiling module xil_defaultlib.controller
Compiling module xil_defaultlib.flopr(WIDTH=32)
Compiling module xil_defaultlib.adder
Compiling module xil_defaultlib.s12
Compiling module xil_defaultlib.mux2(WIDTH=32)
Compiling module xil_defaultlib.regfile
Compiling module xil_defaultlib.mux2(WIDTH=5)
Compiling module xil_defaultlib.signext
Compiling module xil_defaultlib.unsignext
Compiling module xil_defaultlib.alu
Compiling module xil_defaultlib.datapath
Compiling module xil_defaultlib.mips
Compiling module xil_defaultlib.imem
Compiling module xil_defaultlib.dmem
Compiling module xil_defaultlib.top
Compiling module xil_defaultlib.testbench
Compiling module xil_defaultlib.glbl
Built simulation snapshot testbench_behav
INFO: [USF-XSim-69] 'elaborate' step finished in '2' seconds
INFO: [USF-XSim-4] XSim::Simulate design
INFO: [USF-XSim-61] Executing 'SIMULATE' step in 'C:/Users/admin/Desktop/SingleCycleProcessor/SingleCycleProcessor.sim/sim_1/behav/xsim'
INFO: [USF-XSim-98] *** Running xsim
   with args "testbench_behav -key {Behavioral:sim_1:Functional:testbench} -tclbatch {testbench.tcl} -log {simulate.log}"
INFO: [USF-XSim-8] Loading simulator feature
Vivado Simulator 2018.3
Time resolution is 1 ps
source testbench.tcl
# set curr_wave [current_wave_config]
# if { [string length $curr_wave] == 0 } {
#   if { [llength [get_objects]] > 0} {
#     add_wave /
#     set_property needs_save false [current_wave_config]
#   } else {
#      send_msg_id Add_Wave-1 WARNING "No top level signals found. Simulator will start without a wave window. If you want to open a wave window go to 'File->New Waveform Configuration' or type 'create_wave_config' in the TCL console."
#   }
# }
# run 1000ns
Simulation succeeded
INFO: [USF-XSim-96] XSim completed. Design snapshot 'testbench_behav' loaded.
INFO: [USF-XSim-97] XSim simulation ran for 1000ns
launch_simulation: Time (s): cpu = 00:00:07 ; elapsed = 00:00:06 . Memory (MB): peak = 823.742 ; gain = 42.938
close_sim
INFO: [Simtcl 6-16] Simulation closed
launch_simulation
INFO: [Vivado 12-5682] Launching behavioral simulation in 'C:/Users/admin/Desktop/SingleCycleProcessor/SingleCycleProcessor.sim/sim_1/behav/xsim'
INFO: [SIM-utils-51] Simulation object is 'sim_1'
INFO: [SIM-utils-54] Inspecting design source files for 'testbench' in fileset 'sim_1'...
INFO: [SIM-utils-43] Exported 'C:/Users/admin/Desktop/SingleCycleProcessor/SingleCycleProcessor.sim/sim_1/behav/xsim/memfile2.dat'
INFO: [SIM-utils-43] Exported 'C:/Users/admin/Desktop/SingleCycleProcessor/SingleCycleProcessor.sim/sim_1/behav/xsim/memfile.dat'
INFO: [SIM-utils-43] Exported 'C:/Users/admin/Desktop/SingleCycleProcessor/SingleCycleProcessor.sim/sim_1/behav/xsim/memfile1.dat'
INFO: [USF-XSim-97] Finding global include files...
INFO: [USF-XSim-98] Fetching design files from 'sim_1'...
INFO: [USF-XSim-2] XSim::Compile design
INFO: [USF-XSim-61] Executing 'COMPILE and ANALYZE' step in 'C:/Users/admin/Desktop/SingleCycleProcessor/SingleCycleProcessor.sim/sim_1/behav/xsim'
"xvlog --incr --relax -prj testbench_vlog.prj"
INFO: [USF-XSim-69] 'compile' step finished in '1' seconds
INFO: [USF-XSim-3] XSim::Elaborate design
INFO: [USF-XSim-61] Executing 'ELABORATE' step in 'C:/Users/admin/Desktop/SingleCycleProcessor/SingleCycleProcessor.sim/sim_1/behav/xsim'
Vivado Simulator 2018.3
Copyright 1986-1999, 2001-2018 Xilinx, Inc. All Rights Reserved.
Running: D:/Softwares/Vivado/2018.3/bin/unwrapped/win64.o/xelab.exe -wto dd27c7d649d041eaa8e8c362d31a00fb --incr --debug typical --relax --mt 2 -L xil_defaultlib -L unisims_ver -L unimacro_ver -L secureip --snapshot testbench_behav xil_defaultlib.testbench xil_defaultlib.glbl -log elaborate.log 
Using 2 slave threads.
Starting static elaboration
Completed static elaboration
INFO: [XSIM 43-4323] No Change in HDL. Linking previously generated obj files to create kernel
INFO: [USF-XSim-69] 'elaborate' step finished in '1' seconds
INFO: [USF-XSim-4] XSim::Simulate design
INFO: [USF-XSim-61] Executing 'SIMULATE' step in 'C:/Users/admin/Desktop/SingleCycleProcessor/SingleCycleProcessor.sim/sim_1/behav/xsim'
INFO: [USF-XSim-98] *** Running xsim
   with args "testbench_behav -key {Behavioral:sim_1:Functional:testbench} -tclbatch {testbench.tcl} -log {simulate.log}"
INFO: [USF-XSim-8] Loading simulator feature
Vivado Simulator 2018.3
Time resolution is 1 ps
source testbench.tcl
# set curr_wave [current_wave_config]
# if { [string length $curr_wave] == 0 } {
#   if { [llength [get_objects]] > 0} {
#     add_wave /
#     set_property needs_save false [current_wave_config]
#   } else {
#      send_msg_id Add_Wave-1 WARNING "No top level signals found. Simulator will start without a wave window. If you want to open a wave window go to 'File->New Waveform Configuration' or type 'create_wave_config' in the TCL console."
#   }
# }
# run 1000ns
Simulation succeeded
INFO: [USF-XSim-96] XSim completed. Design snapshot 'testbench_behav' loaded.
INFO: [USF-XSim-97] XSim simulation ran for 1000ns
close_sim
INFO: [Simtcl 6-16] Simulation closed
launch_simulation
INFO: [Vivado 12-5682] Launching behavioral simulation in 'C:/Users/admin/Desktop/SingleCycleProcessor/SingleCycleProcessor.sim/sim_1/behav/xsim'
INFO: [SIM-utils-51] Simulation object is 'sim_1'
INFO: [SIM-utils-54] Inspecting design source files for 'testbench' in fileset 'sim_1'...
INFO: [SIM-utils-43] Exported 'C:/Users/admin/Desktop/SingleCycleProcessor/SingleCycleProcessor.sim/sim_1/behav/xsim/memfile2.dat'
INFO: [SIM-utils-43] Exported 'C:/Users/admin/Desktop/SingleCycleProcessor/SingleCycleProcessor.sim/sim_1/behav/xsim/memfile.dat'
INFO: [SIM-utils-43] Exported 'C:/Users/admin/Desktop/SingleCycleProcessor/SingleCycleProcessor.sim/sim_1/behav/xsim/memfile1.dat'
INFO: [USF-XSim-97] Finding global include files...
INFO: [USF-XSim-98] Fetching design files from 'sim_1'...
INFO: [USF-XSim-2] XSim::Compile design
INFO: [USF-XSim-61] Executing 'COMPILE and ANALYZE' step in 'C:/Users/admin/Desktop/SingleCycleProcessor/SingleCycleProcessor.sim/sim_1/behav/xsim'
"xvlog --incr --relax -prj testbench_vlog.prj"
INFO: [USF-XSim-69] 'compile' step finished in '1' seconds
INFO: [USF-XSim-3] XSim::Elaborate design
INFO: [USF-XSim-61] Executing 'ELABORATE' step in 'C:/Users/admin/Desktop/SingleCycleProcessor/SingleCycleProcessor.sim/sim_1/behav/xsim'
Vivado Simulator 2018.3
Copyright 1986-1999, 2001-2018 Xilinx, Inc. All Rights Reserved.
Running: D:/Softwares/Vivado/2018.3/bin/unwrapped/win64.o/xelab.exe -wto dd27c7d649d041eaa8e8c362d31a00fb --incr --debug typical --relax --mt 2 -L xil_defaultlib -L unisims_ver -L unimacro_ver -L secureip --snapshot testbench_behav xil_defaultlib.testbench xil_defaultlib.glbl -log elaborate.log 
Using 2 slave threads.
Starting static elaboration
Completed static elaboration
INFO: [XSIM 43-4323] No Change in HDL. Linking previously generated obj files to create kernel
INFO: [USF-XSim-69] 'elaborate' step finished in '1' seconds
INFO: [USF-XSim-4] XSim::Simulate design
INFO: [USF-XSim-61] Executing 'SIMULATE' step in 'C:/Users/admin/Desktop/SingleCycleProcessor/SingleCycleProcessor.sim/sim_1/behav/xsim'
INFO: [USF-XSim-98] *** Running xsim
   with args "testbench_behav -key {Behavioral:sim_1:Functional:testbench} -tclbatch {testbench.tcl} -log {simulate.log}"
INFO: [USF-XSim-8] Loading simulator feature
Vivado Simulator 2018.3
Time resolution is 1 ps
source testbench.tcl
# set curr_wave [current_wave_config]
# if { [string length $curr_wave] == 0 } {
#   if { [llength [get_objects]] > 0} {
#     add_wave /
#     set_property needs_save false [current_wave_config]
#   } else {
#      send_msg_id Add_Wave-1 WARNING "No top level signals found. Simulator will start without a wave window. If you want to open a wave window go to 'File->New Waveform Configuration' or type 'create_wave_config' in the TCL console."
#   }
# }
# run 1000ns
Simulation succeeded
INFO: [USF-XSim-96] XSim completed. Design snapshot 'testbench_behav' loaded.
INFO: [USF-XSim-97] XSim simulation ran for 1000ns
close_sim
INFO: [Simtcl 6-16] Simulation closed
launch_simulation
INFO: [Vivado 12-5682] Launching behavioral simulation in 'C:/Users/admin/Desktop/SingleCycleProcessor/SingleCycleProcessor.sim/sim_1/behav/xsim'
INFO: [SIM-utils-51] Simulation object is 'sim_1'
INFO: [SIM-utils-54] Inspecting design source files for 'testbench' in fileset 'sim_1'...
INFO: [SIM-utils-43] Exported 'C:/Users/admin/Desktop/SingleCycleProcessor/SingleCycleProcessor.sim/sim_1/behav/xsim/memfile2.dat'
INFO: [SIM-utils-43] Exported 'C:/Users/admin/Desktop/SingleCycleProcessor/SingleCycleProcessor.sim/sim_1/behav/xsim/memfile.dat'
INFO: [SIM-utils-43] Exported 'C:/Users/admin/Desktop/SingleCycleProcessor/SingleCycleProcessor.sim/sim_1/behav/xsim/memfile1.dat'
INFO: [USF-XSim-97] Finding global include files...
INFO: [USF-XSim-98] Fetching design files from 'sim_1'...
INFO: [USF-XSim-2] XSim::Compile design
INFO: [USF-XSim-61] Executing 'COMPILE and ANALYZE' step in 'C:/Users/admin/Desktop/SingleCycleProcessor/SingleCycleProcessor.sim/sim_1/behav/xsim'
"xvlog --incr --relax -prj testbench_vlog.prj"
INFO: [VRFC 10-2263] Analyzing SystemVerilog file "C:/Users/admin/Desktop/SingleCycleProcessor/SingleCycleProcessor.srcs/sources_1/new/adder.sv" into library xil_defaultlib
INFO: [VRFC 10-311] analyzing module adder
INFO: [VRFC 10-2263] Analyzing SystemVerilog file "C:/Users/admin/Desktop/SingleCycleProcessor/SingleCycleProcessor.srcs/sources_1/new/alu.sv" into library xil_defaultlib
INFO: [VRFC 10-311] analyzing module alu
INFO: [VRFC 10-2263] Analyzing SystemVerilog file "C:/Users/admin/Desktop/SingleCycleProcessor/SingleCycleProcessor.srcs/sources_1/new/aludec.sv" into library xil_defaultlib
INFO: [VRFC 10-311] analyzing module aludec
INFO: [VRFC 10-2263] Analyzing SystemVerilog file "C:/Users/admin/Desktop/SingleCycleProcessor/SingleCycleProcessor.srcs/sources_1/new/controller.sv" into library xil_defaultlib
INFO: [VRFC 10-311] analyzing module controller
INFO: [VRFC 10-2263] Analyzing SystemVerilog file "C:/Users/admin/Desktop/SingleCycleProcessor/SingleCycleProcessor.srcs/sources_1/new/datapath.sv" into library xil_defaultlib
INFO: [VRFC 10-311] analyzing module datapath
INFO: [VRFC 10-2263] Analyzing SystemVerilog file "C:/Users/admin/Desktop/SingleCycleProcessor/SingleCycleProcessor.srcs/sources_1/new/dmem.sv" into library xil_defaultlib
INFO: [VRFC 10-311] analyzing module dmem
INFO: [VRFC 10-2263] Analyzing SystemVerilog file "C:/Users/admin/Desktop/SingleCycleProcessor/SingleCycleProcessor.srcs/sources_1/new/flopr.sv" into library xil_defaultlib
INFO: [VRFC 10-311] analyzing module flopr
INFO: [VRFC 10-2263] Analyzing SystemVerilog file "C:/Users/admin/Desktop/SingleCycleProcessor/SingleCycleProcessor.srcs/sources_1/new/imem.sv" into library xil_defaultlib
INFO: [VRFC 10-311] analyzing module imem
INFO: [VRFC 10-2263] Analyzing SystemVerilog file "C:/Users/admin/Desktop/SingleCycleProcessor/SingleCycleProcessor.srcs/sources_1/new/maindec.sv" into library xil_defaultlib
INFO: [VRFC 10-311] analyzing module maindec
INFO: [VRFC 10-2263] Analyzing SystemVerilog file "C:/Users/admin/Desktop/SingleCycleProcessor/SingleCycleProcessor.srcs/sources_1/new/mips.sv" into library xil_defaultlib
INFO: [VRFC 10-311] analyzing module mips
INFO: [VRFC 10-2263] Analyzing SystemVerilog file "C:/Users/admin/Desktop/SingleCycleProcessor/SingleCycleProcessor.srcs/sources_1/new/mux2.sv" into library xil_defaultlib
INFO: [VRFC 10-311] analyzing module mux2
INFO: [VRFC 10-2263] Analyzing SystemVerilog file "C:/Users/admin/Desktop/SingleCycleProcessor/SingleCycleProcessor.srcs/sources_1/new/regfile.sv" into library xil_defaultlib
INFO: [VRFC 10-311] analyzing module regfile
INFO: [VRFC 10-2263] Analyzing SystemVerilog file "C:/Users/admin/Desktop/SingleCycleProcessor/SingleCycleProcessor.srcs/sources_1/new/s12.sv" into library xil_defaultlib
INFO: [VRFC 10-311] analyzing module s12
INFO: [VRFC 10-2263] Analyzing SystemVerilog file "C:/Users/admin/Desktop/SingleCycleProcessor/SingleCycleProcessor.srcs/sources_1/new/signext.sv" into library xil_defaultlib
INFO: [VRFC 10-311] analyzing module signext
INFO: [VRFC 10-2263] Analyzing SystemVerilog file "C:/Users/admin/Desktop/SingleCycleProcessor/SingleCycleProcessor.srcs/sources_1/new/top.sv" into library xil_defaultlib
INFO: [VRFC 10-311] analyzing module top
INFO: [VRFC 10-2263] Analyzing SystemVerilog file "C:/Users/admin/Desktop/SingleCycleProcessor/SingleCycleProcessor.srcs/sources_1/new/unsignext.sv" into library xil_defaultlib
INFO: [VRFC 10-311] analyzing module unsignext
INFO: [VRFC 10-2263] Analyzing SystemVerilog file "C:/Users/admin/Desktop/SingleCycleProcessor/SingleCycleProcessor.srcs/sim_1/new/testbench.sv" into library xil_defaultlib
INFO: [VRFC 10-311] analyzing module testbench
INFO: [USF-XSim-69] 'compile' step finished in '1' seconds
INFO: [USF-XSim-3] XSim::Elaborate design
INFO: [USF-XSim-61] Executing 'ELABORATE' step in 'C:/Users/admin/Desktop/SingleCycleProcessor/SingleCycleProcessor.sim/sim_1/behav/xsim'
Vivado Simulator 2018.3
Copyright 1986-1999, 2001-2018 Xilinx, Inc. All Rights Reserved.
Running: D:/Softwares/Vivado/2018.3/bin/unwrapped/win64.o/xelab.exe -wto dd27c7d649d041eaa8e8c362d31a00fb --incr --debug typical --relax --mt 2 -L xil_defaultlib -L unisims_ver -L unimacro_ver -L secureip --snapshot testbench_behav xil_defaultlib.testbench xil_defaultlib.glbl -log elaborate.log 
Using 2 slave threads.
Starting static elaboration
Completed static elaboration
Starting simulation data flow analysis
Completed simulation data flow analysis
Time Resolution for simulation is 1ps
Compiling module xil_defaultlib.maindec
Compiling module xil_defaultlib.aludec
Compiling module xil_defaultlib.controller
Compiling module xil_defaultlib.flopr(WIDTH=32)
Compiling module xil_defaultlib.adder
Compiling module xil_defaultlib.s12
Compiling module xil_defaultlib.mux2(WIDTH=32)
Compiling module xil_defaultlib.regfile
Compiling module xil_defaultlib.mux2(WIDTH=5)
Compiling module xil_defaultlib.signext
Compiling module xil_defaultlib.unsignext
Compiling module xil_defaultlib.alu
Compiling module xil_defaultlib.datapath
Compiling module xil_defaultlib.mips
Compiling module xil_defaultlib.imem
Compiling module xil_defaultlib.dmem
Compiling module xil_defaultlib.top
Compiling module xil_defaultlib.testbench
Compiling module xil_defaultlib.glbl
Built simulation snapshot testbench_behav
INFO: [USF-XSim-69] 'elaborate' step finished in '2' seconds
INFO: [USF-XSim-4] XSim::Simulate design
INFO: [USF-XSim-61] Executing 'SIMULATE' step in 'C:/Users/admin/Desktop/SingleCycleProcessor/SingleCycleProcessor.sim/sim_1/behav/xsim'
INFO: [USF-XSim-98] *** Running xsim
   with args "testbench_behav -key {Behavioral:sim_1:Functional:testbench} -tclbatch {testbench.tcl} -log {simulate.log}"
INFO: [USF-XSim-8] Loading simulator feature
Vivado Simulator 2018.3
Time resolution is 1 ps
source testbench.tcl
# set curr_wave [current_wave_config]
# if { [string length $curr_wave] == 0 } {
#   if { [llength [get_objects]] > 0} {
#     add_wave /
#     set_property needs_save false [current_wave_config]
#   } else {
#      send_msg_id Add_Wave-1 WARNING "No top level signals found. Simulator will start without a wave window. If you want to open a wave window go to 'File->New Waveform Configuration' or type 'create_wave_config' in the TCL console."
#   }
# }
# run 1000ns
Simulation succeeded
INFO: [USF-XSim-96] XSim completed. Design snapshot 'testbench_behav' loaded.
INFO: [USF-XSim-97] XSim simulation ran for 1000ns
close_sim
INFO: [Simtcl 6-16] Simulation closed
exit
INFO: [Common 17-206] Exiting Vivado at Thu Mar 31 23:31:24 2022...
