INFO: [VRFC 10-2263] Analyzing SystemVerilog file "C:/Users/admin/Desktop/SingleCycleProcessor/SingleCycleProcessor.srcs/sources_1/new/adder.sv" into library xil_defaultlib
INFO: [VRFC 10-311] analyzing module adder
INFO: [VRFC 10-2263] Analyzing SystemVerilog file "C:/Users/admin/Desktop/SingleCycleProcessor/SingleCycleProcessor.srcs/sources_1/new/alu.sv" into library xil_defaultlib
INFO: [VRFC 10-311] analyzing module alu
INFO: [VRFC 10-2263] Analyzing SystemVerilog file "C:/Users/admin/Desktop/SingleCycleProcessor/SingleCycleProcessor.srcs/sources_1/new/aludec.sv" into library xil_defaultlib
INFO: [VRFC 10-311] analyzing module aludec
INFO: [VRFC 10-2263] Analyzing SystemVerilog file "C:/Users/admin/Desktop/SingleCycleProcessor/SingleCycleProcessor.srcs/sources_1/new/controller.sv" into library xil_defaultlib
INFO: [VRFC 10-311] analyzing module controller
INFO: [VRFC 10-2263] Analyzing SystemVerilog file "C:/Users/admin/Desktop/SingleCycleProcessor/SingleCycleProcessor.srcs/sources_1/new/datapath.sv" into library xil_defaultlib
INFO: [VRFC 10-311] analyzing module datapath
INFO: [VRFC 10-2263] Analyzing SystemVerilog file "C:/Users/admin/Desktop/SingleCycleProcessor/SingleCycleProcessor.srcs/sources_1/new/dmem.sv" into library xil_defaultlib
INFO: [VRFC 10-311] analyzing module dmem
INFO: [VRFC 10-2263] Analyzing SystemVerilog file "C:/Users/admin/Desktop/SingleCycleProcessor/SingleCycleProcessor.srcs/sources_1/new/flopr.sv" into library xil_defaultlib
INFO: [VRFC 10-311] analyzing module flopr
INFO: [VRFC 10-2263] Analyzing SystemVerilog file "C:/Users/admin/Desktop/SingleCycleProcessor/SingleCycleProcessor.srcs/sources_1/new/imem.sv" into library xil_defaultlib
INFO: [VRFC 10-311] analyzing module imem
INFO: [VRFC 10-2263] Analyzing SystemVerilog file "C:/Users/admin/Desktop/SingleCycleProcessor/SingleCycleProcessor.srcs/sources_1/new/maindec.sv" into library xil_defaultlib
INFO: [VRFC 10-311] analyzing module maindec
INFO: [VRFC 10-2263] Analyzing SystemVerilog file "C:/Users/admin/Desktop/SingleCycleProcessor/SingleCycleProcessor.srcs/sources_1/new/mips.sv" into library xil_defaultlib
INFO: [VRFC 10-311] analyzing module mips
INFO: [VRFC 10-2263] Analyzing SystemVerilog file "C:/Users/admin/Desktop/SingleCycleProcessor/SingleCycleProcessor.srcs/sources_1/new/mux2.sv" into library xil_defaultlib
INFO: [VRFC 10-311] analyzing module mux2
INFO: [VRFC 10-2263] Analyzing SystemVerilog file "C:/Users/admin/Desktop/SingleCycleProcessor/SingleCycleProcessor.srcs/sources_1/new/regfile.sv" into library xil_defaultlib
INFO: [VRFC 10-311] analyzing module regfile
INFO: [VRFC 10-2263] Analyzing SystemVerilog file "C:/Users/admin/Desktop/SingleCycleProcessor/SingleCycleProcessor.srcs/sources_1/new/s12.sv" into library xil_defaultlib
INFO: [VRFC 10-311] analyzing module s12
INFO: [VRFC 10-2263] Analyzing SystemVerilog file "C:/Users/admin/Desktop/SingleCycleProcessor/SingleCycleProcessor.srcs/sources_1/new/signext.sv" into library xil_defaultlib
INFO: [VRFC 10-311] analyzing module signext
INFO: [VRFC 10-2263] Analyzing SystemVerilog file "C:/Users/admin/Desktop/SingleCycleProcessor/SingleCycleProcessor.srcs/sources_1/new/top.sv" into library xil_defaultlib
INFO: [VRFC 10-311] analyzing module top
INFO: [VRFC 10-2263] Analyzing SystemVerilog file "C:/Users/admin/Desktop/SingleCycleProcessor/SingleCycleProcessor.srcs/sources_1/new/unsignext.sv" into library xil_defaultlib
INFO: [VRFC 10-311] analyzing module unsignext
INFO: [VRFC 10-2263] Analyzing SystemVerilog file "C:/Users/admin/Desktop/SingleCycleProcessor/SingleCycleProcessor.srcs/sim_1/new/testbench.sv" into library xil_defaultlib
INFO: [VRFC 10-311] analyzing module testbench
