INFO: [VRFC 10-2263] Analyzing SystemVerilog file "D:/Sources/repos/PipelineProcessor_IO/PipelineProcessor_IO.srcs/sources_1/new/IO.sv" into library xil_defaultlib
INFO: [VRFC 10-311] analyzing module IO
INFO: [VRFC 10-2263] Analyzing SystemVerilog file "D:/Sources/repos/PipelineProcessor_IO/PipelineProcessor_IO.srcs/sources_1/imports/new/MIPS.sv" into library xil_defaultlib
INFO: [VRFC 10-311] analyzing module MIPS
INFO: [VRFC 10-2263] Analyzing SystemVerilog file "D:/Sources/repos/PipelineProcessor_IO/PipelineProcessor_IO.srcs/sources_1/imports/new/Top.sv" into library xil_defaultlib
INFO: [VRFC 10-311] analyzing module Top
INFO: [VRFC 10-2263] Analyzing SystemVerilog file "D:/Sources/repos/PipelineProcessor_IO/PipelineProcessor_IO.srcs/sources_1/imports/new/adder.sv" into library xil_defaultlib
INFO: [VRFC 10-311] analyzing module adder
INFO: [VRFC 10-2263] Analyzing SystemVerilog file "D:/Sources/repos/PipelineProcessor_IO/PipelineProcessor_IO.srcs/sources_1/imports/new/alu.sv" into library xil_defaultlib
INFO: [VRFC 10-311] analyzing module alu
INFO: [VRFC 10-2263] Analyzing SystemVerilog file "D:/Sources/repos/PipelineProcessor_IO/PipelineProcessor_IO.srcs/sources_1/imports/new/aludec.sv" into library xil_defaultlib
INFO: [VRFC 10-311] analyzing module aludec
INFO: [VRFC 10-2263] Analyzing SystemVerilog file "D:/Sources/repos/PipelineProcessor_IO/PipelineProcessor_IO.srcs/sources_1/imports/new/controller.sv" into library xil_defaultlib
INFO: [VRFC 10-311] analyzing module controller
INFO: [VRFC 10-2263] Analyzing SystemVerilog file "D:/Sources/repos/PipelineProcessor_IO/PipelineProcessor_IO.srcs/sources_1/imports/new/dMem.sv" into library xil_defaultlib
INFO: [VRFC 10-311] analyzing module dMem
INFO: [VRFC 10-2263] Analyzing SystemVerilog file "D:/Sources/repos/PipelineProcessor_IO/PipelineProcessor_IO.srcs/sources_1/new/dMemoryDecoder.sv" into library xil_defaultlib
INFO: [VRFC 10-311] analyzing module dMemoryDecoder
INFO: [VRFC 10-2263] Analyzing SystemVerilog file "D:/Sources/repos/PipelineProcessor_IO/PipelineProcessor_IO.srcs/sources_1/imports/new/datapath.sv" into library xil_defaultlib
INFO: [VRFC 10-311] analyzing module datapath
INFO: [VRFC 10-2263] Analyzing SystemVerilog file "D:/Sources/repos/PipelineProcessor_IO/PipelineProcessor_IO.srcs/sources_1/imports/new/eqcmp.sv" into library xil_defaultlib
INFO: [VRFC 10-311] analyzing module eqcmp
INFO: [VRFC 10-2263] Analyzing SystemVerilog file "D:/Sources/repos/PipelineProcessor_IO/PipelineProcessor_IO.srcs/sources_1/imports/new/flopenr.sv" into library xil_defaultlib
INFO: [VRFC 10-311] analyzing module flopenr
INFO: [VRFC 10-2263] Analyzing SystemVerilog file "D:/Sources/repos/PipelineProcessor_IO/PipelineProcessor_IO.srcs/sources_1/imports/new/flopenrc.sv" into library xil_defaultlib
INFO: [VRFC 10-311] analyzing module flopenrc
INFO: [VRFC 10-2263] Analyzing SystemVerilog file "D:/Sources/repos/PipelineProcessor_IO/PipelineProcessor_IO.srcs/sources_1/imports/new/flopr.sv" into library xil_defaultlib
INFO: [VRFC 10-311] analyzing module flopr
INFO: [VRFC 10-2263] Analyzing SystemVerilog file "D:/Sources/repos/PipelineProcessor_IO/PipelineProcessor_IO.srcs/sources_1/imports/new/floprc.sv" into library xil_defaultlib
INFO: [VRFC 10-311] analyzing module floprc
INFO: [VRFC 10-2263] Analyzing SystemVerilog file "D:/Sources/repos/PipelineProcessor_IO/PipelineProcessor_IO.srcs/sources_1/imports/new/hazard.sv" into library xil_defaultlib
INFO: [VRFC 10-311] analyzing module hazard
INFO: [VRFC 10-2263] Analyzing SystemVerilog file "D:/Sources/repos/PipelineProcessor_IO/PipelineProcessor_IO.srcs/sources_1/imports/new/iMem.sv" into library xil_defaultlib
INFO: [VRFC 10-311] analyzing module iMem
INFO: [VRFC 10-2263] Analyzing SystemVerilog file "D:/Sources/repos/PipelineProcessor_IO/PipelineProcessor_IO.srcs/sources_1/imports/new/maindec.sv" into library xil_defaultlib
INFO: [VRFC 10-311] analyzing module maindec
INFO: [VRFC 10-2263] Analyzing SystemVerilog file "D:/Sources/repos/PipelineProcessor_IO/PipelineProcessor_IO.srcs/sources_1/imports/new/mux2.sv" into library xil_defaultlib
INFO: [VRFC 10-311] analyzing module mux2
INFO: [VRFC 10-2263] Analyzing SystemVerilog file "D:/Sources/repos/PipelineProcessor_IO/PipelineProcessor_IO.srcs/sources_1/imports/new/mux3.sv" into library xil_defaultlib
INFO: [VRFC 10-311] analyzing module mux3
INFO: [VRFC 10-2263] Analyzing SystemVerilog file "D:/Sources/repos/PipelineProcessor_IO/PipelineProcessor_IO.srcs/sources_1/new/mux7seg.sv" into library xil_defaultlib
INFO: [VRFC 10-311] analyzing module mux7seg
INFO: [VRFC 10-2263] Analyzing SystemVerilog file "D:/Sources/repos/PipelineProcessor_IO/PipelineProcessor_IO.srcs/sources_1/imports/new/regfile.sv" into library xil_defaultlib
INFO: [VRFC 10-311] analyzing module regfile
INFO: [VRFC 10-2263] Analyzing SystemVerilog file "D:/Sources/repos/PipelineProcessor_IO/PipelineProcessor_IO.srcs/sources_1/imports/new/signext.sv" into library xil_defaultlib
INFO: [VRFC 10-311] analyzing module signext
INFO: [VRFC 10-2263] Analyzing SystemVerilog file "D:/Sources/repos/PipelineProcessor_IO/PipelineProcessor_IO.srcs/sources_1/imports/new/sl2.sv" into library xil_defaultlib
INFO: [VRFC 10-311] analyzing module sl2
INFO: [VRFC 10-2263] Analyzing SystemVerilog file "D:/Sources/repos/PipelineProcessor_IO/PipelineProcessor_IO.srcs/sources_1/new/zeroext.sv" into library xil_defaultlib
INFO: [VRFC 10-311] analyzing module zeroext
INFO: [VRFC 10-2263] Analyzing SystemVerilog file "D:/Sources/repos/PipelineProcessor_IO/PipelineProcessor_IO.srcs/sim_1/new/testbench.sv" into library xil_defaultlib
INFO: [VRFC 10-311] analyzing module testbench
