
*** Running vivado
    with args -log top.vds -m64 -product Vivado -mode batch -messageDb vivado.pb -notrace -source top.tcl


****** Vivado v2018.3 (64-bit)
  **** SW Build 2405991 on Thu Dec  6 23:38:27 MST 2018
  **** IP Build 2404404 on Fri Dec  7 01:43:56 MST 2018
    ** Copyright 1986-2018 Xilinx, Inc. All Rights Reserved.

source top.tcl -notrace
Command: synth_design -top top -part xc7a100tcsg324-1
Starting synth_design
Attempting to get a license for feature 'Synthesis' and/or device 'xc7a100t'
INFO: [Common 17-349] Got license for feature 'Synthesis' and/or device 'xc7a100t'
INFO: Launching helper process for spawning children vivado processes
INFO: Helper process launched with PID 178508 
---------------------------------------------------------------------------------
Starting RTL Elaboration : Time (s): cpu = 00:00:02 ; elapsed = 00:00:02 . Memory (MB): peak = 339.473 ; gain = 69.809
---------------------------------------------------------------------------------
INFO: [Synth 8-6157] synthesizing module 'top' [C:/Users/admin/Desktop/SingleCycleProcessor/SingleCycleProcessor.srcs/sources_1/new/top.sv:1]
INFO: [Synth 8-6157] synthesizing module 'mips' [C:/Users/admin/Desktop/SingleCycleProcessor/SingleCycleProcessor.srcs/sources_1/new/mips.sv:2]
INFO: [Synth 8-6157] synthesizing module 'controller' [C:/Users/admin/Desktop/SingleCycleProcessor/SingleCycleProcessor.srcs/sources_1/new/controller.sv:2]
INFO: [Synth 8-6157] synthesizing module 'maindec' [C:/Users/admin/Desktop/SingleCycleProcessor/SingleCycleProcessor.srcs/sources_1/new/maindec.sv:2]
INFO: [Synth 8-6155] done synthesizing module 'maindec' (1#1) [C:/Users/admin/Desktop/SingleCycleProcessor/SingleCycleProcessor.srcs/sources_1/new/maindec.sv:2]
INFO: [Synth 8-6157] synthesizing module 'aludec' [C:/Users/admin/Desktop/SingleCycleProcessor/SingleCycleProcessor.srcs/sources_1/new/aludec.sv:2]
INFO: [Synth 8-6155] done synthesizing module 'aludec' (2#1) [C:/Users/admin/Desktop/SingleCycleProcessor/SingleCycleProcessor.srcs/sources_1/new/aludec.sv:2]
INFO: [Synth 8-6155] done synthesizing module 'controller' (3#1) [C:/Users/admin/Desktop/SingleCycleProcessor/SingleCycleProcessor.srcs/sources_1/new/controller.sv:2]
INFO: [Synth 8-6157] synthesizing module 'datapath' [C:/Users/admin/Desktop/SingleCycleProcessor/SingleCycleProcessor.srcs/sources_1/new/datapath.sv:2]
INFO: [Synth 8-6157] synthesizing module 'flopr' [C:/Users/admin/Desktop/SingleCycleProcessor/SingleCycleProcessor.srcs/sources_1/new/flopr.sv:2]
	Parameter WIDTH bound to: 32 - type: integer 
INFO: [Synth 8-6155] done synthesizing module 'flopr' (4#1) [C:/Users/admin/Desktop/SingleCycleProcessor/SingleCycleProcessor.srcs/sources_1/new/flopr.sv:2]
INFO: [Synth 8-6157] synthesizing module 'adder' [C:/Users/admin/Desktop/SingleCycleProcessor/SingleCycleProcessor.srcs/sources_1/new/adder.sv:2]
INFO: [Synth 8-6155] done synthesizing module 'adder' (5#1) [C:/Users/admin/Desktop/SingleCycleProcessor/SingleCycleProcessor.srcs/sources_1/new/adder.sv:2]
INFO: [Synth 8-6157] synthesizing module 's12' [C:/Users/admin/Desktop/SingleCycleProcessor/SingleCycleProcessor.srcs/sources_1/new/s12.sv:2]
INFO: [Synth 8-6155] done synthesizing module 's12' (6#1) [C:/Users/admin/Desktop/SingleCycleProcessor/SingleCycleProcessor.srcs/sources_1/new/s12.sv:2]
INFO: [Synth 8-6157] synthesizing module 'mux2' [C:/Users/admin/Desktop/SingleCycleProcessor/SingleCycleProcessor.srcs/sources_1/new/mux2.sv:2]
	Parameter WIDTH bound to: 32 - type: integer 
INFO: [Synth 8-6155] done synthesizing module 'mux2' (7#1) [C:/Users/admin/Desktop/SingleCycleProcessor/SingleCycleProcessor.srcs/sources_1/new/mux2.sv:2]
INFO: [Synth 8-6157] synthesizing module 'regfile' [C:/Users/admin/Desktop/SingleCycleProcessor/SingleCycleProcessor.srcs/sources_1/new/regfile.sv:2]
INFO: [Synth 8-6155] done synthesizing module 'regfile' (8#1) [C:/Users/admin/Desktop/SingleCycleProcessor/SingleCycleProcessor.srcs/sources_1/new/regfile.sv:2]
INFO: [Synth 8-6157] synthesizing module 'mux2__parameterized0' [C:/Users/admin/Desktop/SingleCycleProcessor/SingleCycleProcessor.srcs/sources_1/new/mux2.sv:2]
	Parameter WIDTH bound to: 5 - type: integer 
INFO: [Synth 8-6155] done synthesizing module 'mux2__parameterized0' (8#1) [C:/Users/admin/Desktop/SingleCycleProcessor/SingleCycleProcessor.srcs/sources_1/new/mux2.sv:2]
INFO: [Synth 8-6157] synthesizing module 'signext' [C:/Users/admin/Desktop/SingleCycleProcessor/SingleCycleProcessor.srcs/sources_1/new/signext.sv:2]
INFO: [Synth 8-6155] done synthesizing module 'signext' (9#1) [C:/Users/admin/Desktop/SingleCycleProcessor/SingleCycleProcessor.srcs/sources_1/new/signext.sv:2]
INFO: [Synth 8-6157] synthesizing module 'unsignext' [C:/Users/admin/Desktop/SingleCycleProcessor/SingleCycleProcessor.srcs/sources_1/new/unsignext.sv:2]
INFO: [Synth 8-6155] done synthesizing module 'unsignext' (10#1) [C:/Users/admin/Desktop/SingleCycleProcessor/SingleCycleProcessor.srcs/sources_1/new/unsignext.sv:2]
INFO: [Synth 8-6157] synthesizing module 'alu' [C:/Users/admin/Desktop/SingleCycleProcessor/SingleCycleProcessor.srcs/sources_1/new/alu.sv:2]
INFO: [Synth 8-6155] done synthesizing module 'alu' (11#1) [C:/Users/admin/Desktop/SingleCycleProcessor/SingleCycleProcessor.srcs/sources_1/new/alu.sv:2]
INFO: [Synth 8-6155] done synthesizing module 'datapath' (12#1) [C:/Users/admin/Desktop/SingleCycleProcessor/SingleCycleProcessor.srcs/sources_1/new/datapath.sv:2]
INFO: [Synth 8-6155] done synthesizing module 'mips' (13#1) [C:/Users/admin/Desktop/SingleCycleProcessor/SingleCycleProcessor.srcs/sources_1/new/mips.sv:2]
INFO: [Synth 8-6157] synthesizing module 'imem' [C:/Users/admin/Desktop/SingleCycleProcessor/SingleCycleProcessor.srcs/sources_1/new/imem.sv:2]
INFO: [Synth 8-3876] $readmem data file 'memfile.dat' is read successfully [C:/Users/admin/Desktop/SingleCycleProcessor/SingleCycleProcessor.srcs/sources_1/new/imem.sv:7]
INFO: [Synth 8-6155] done synthesizing module 'imem' (14#1) [C:/Users/admin/Desktop/SingleCycleProcessor/SingleCycleProcessor.srcs/sources_1/new/imem.sv:2]
INFO: [Synth 8-6157] synthesizing module 'dmem' [C:/Users/admin/Desktop/SingleCycleProcessor/SingleCycleProcessor.srcs/sources_1/new/dmem.sv:2]
INFO: [Synth 8-6155] done synthesizing module 'dmem' (15#1) [C:/Users/admin/Desktop/SingleCycleProcessor/SingleCycleProcessor.srcs/sources_1/new/dmem.sv:2]
INFO: [Synth 8-6155] done synthesizing module 'top' (16#1) [C:/Users/admin/Desktop/SingleCycleProcessor/SingleCycleProcessor.srcs/sources_1/new/top.sv:1]
WARNING: [Synth 8-3331] design dmem has unconnected port a[31]
WARNING: [Synth 8-3331] design dmem has unconnected port a[30]
WARNING: [Synth 8-3331] design dmem has unconnected port a[29]
WARNING: [Synth 8-3331] design dmem has unconnected port a[28]
WARNING: [Synth 8-3331] design dmem has unconnected port a[27]
WARNING: [Synth 8-3331] design dmem has unconnected port a[26]
WARNING: [Synth 8-3331] design dmem has unconnected port a[25]
WARNING: [Synth 8-3331] design dmem has unconnected port a[24]
WARNING: [Synth 8-3331] design dmem has unconnected port a[23]
WARNING: [Synth 8-3331] design dmem has unconnected port a[22]
WARNING: [Synth 8-3331] design dmem has unconnected port a[21]
WARNING: [Synth 8-3331] design dmem has unconnected port a[20]
WARNING: [Synth 8-3331] design dmem has unconnected port a[19]
WARNING: [Synth 8-3331] design dmem has unconnected port a[18]
WARNING: [Synth 8-3331] design dmem has unconnected port a[17]
WARNING: [Synth 8-3331] design dmem has unconnected port a[16]
WARNING: [Synth 8-3331] design dmem has unconnected port a[15]
WARNING: [Synth 8-3331] design dmem has unconnected port a[14]
WARNING: [Synth 8-3331] design dmem has unconnected port a[13]
WARNING: [Synth 8-3331] design dmem has unconnected port a[12]
WARNING: [Synth 8-3331] design dmem has unconnected port a[11]
WARNING: [Synth 8-3331] design dmem has unconnected port a[10]
WARNING: [Synth 8-3331] design dmem has unconnected port a[9]
WARNING: [Synth 8-3331] design dmem has unconnected port a[8]
WARNING: [Synth 8-3331] design dmem has unconnected port a[1]
WARNING: [Synth 8-3331] design dmem has unconnected port a[0]
WARNING: [Synth 8-3331] design s12 has unconnected port a[31]
WARNING: [Synth 8-3331] design s12 has unconnected port a[30]
WARNING: [Synth 8-3331] design datapath has unconnected port instr[31]
WARNING: [Synth 8-3331] design datapath has unconnected port instr[30]
WARNING: [Synth 8-3331] design datapath has unconnected port instr[29]
WARNING: [Synth 8-3331] design datapath has unconnected port instr[28]
WARNING: [Synth 8-3331] design datapath has unconnected port instr[27]
WARNING: [Synth 8-3331] design datapath has unconnected port instr[26]
---------------------------------------------------------------------------------
Finished RTL Elaboration : Time (s): cpu = 00:00:03 ; elapsed = 00:00:03 . Memory (MB): peak = 395.113 ; gain = 125.449
---------------------------------------------------------------------------------

Report Check Netlist: 
+------+------------------+-------+---------+-------+------------------+
|      |Item              |Errors |Warnings |Status |Description       |
+------+------------------+-------+---------+-------+------------------+
|1     |multi_driven_nets |      0|        0|Passed |Multi driven nets |
+------+------------------+-------+---------+-------+------------------+
---------------------------------------------------------------------------------
Start Handling Custom Attributes
---------------------------------------------------------------------------------
---------------------------------------------------------------------------------
Finished Handling Custom Attributes : Time (s): cpu = 00:00:03 ; elapsed = 00:00:03 . Memory (MB): peak = 395.113 ; gain = 125.449
---------------------------------------------------------------------------------
---------------------------------------------------------------------------------
Finished RTL Optimization Phase 1 : Time (s): cpu = 00:00:03 ; elapsed = 00:00:03 . Memory (MB): peak = 395.113 ; gain = 125.449
---------------------------------------------------------------------------------
INFO: [Device 21-403] Loading part xc7a100tcsg324-1
INFO: [Project 1-570] Preparing netlist for logic optimization

Processing XDC Constraints
Initializing timing engine
Parsing XDC File [C:/Users/admin/Desktop/SingleCycleProcessor/SingleCycleProcessor.srcs/constrs_1/imports/Downloads/Nexys4DDR.xdc]
WARNING: [Vivado 12-584] No ports matched 'CLK100MHZ'. [C:/Users/admin/Desktop/SingleCycleProcessor/SingleCycleProcessor.srcs/constrs_1/imports/Downloads/Nexys4DDR.xdc:7]
CRITICAL WARNING: [Common 17-55] 'set_property' expects at least one object. [C:/Users/admin/Desktop/SingleCycleProcessor/SingleCycleProcessor.srcs/constrs_1/imports/Downloads/Nexys4DDR.xdc:7]
Resolution: If [get_<value>] was used to populate the object, check to make sure this command returns at least one valid object.
WARNING: [Vivado 12-584] No ports matched 'CLK100MHZ'. [C:/Users/admin/Desktop/SingleCycleProcessor/SingleCycleProcessor.srcs/constrs_1/imports/Downloads/Nexys4DDR.xdc:8]
CRITICAL WARNING: [Vivado 12-4739] create_clock:No valid object(s) found for '-objects [get_ports CLK100MHZ]'. [C:/Users/admin/Desktop/SingleCycleProcessor/SingleCycleProcessor.srcs/constrs_1/imports/Downloads/Nexys4DDR.xdc:8]
Resolution: Check if the specified object(s) exists in the current design. If it does, ensure that the correct design hierarchy was specified for the object. If you are working with clocks, make sure create_clock was used to create the clock object before it is referenced.
WARNING: [Vivado 12-584] No ports matched 'SW[0]'. [C:/Users/admin/Desktop/SingleCycleProcessor/SingleCycleProcessor.srcs/constrs_1/imports/Downloads/Nexys4DDR.xdc:13]
CRITICAL WARNING: [Common 17-55] 'set_property' expects at least one object. [C:/Users/admin/Desktop/SingleCycleProcessor/SingleCycleProcessor.srcs/constrs_1/imports/Downloads/Nexys4DDR.xdc:13]
Resolution: If [get_<value>] was used to populate the object, check to make sure this command returns at least one valid object.
WARNING: [Vivado 12-584] No ports matched 'SW[1]'. [C:/Users/admin/Desktop/SingleCycleProcessor/SingleCycleProcessor.srcs/constrs_1/imports/Downloads/Nexys4DDR.xdc:14]
CRITICAL WARNING: [Common 17-55] 'set_property' expects at least one object. [C:/Users/admin/Desktop/SingleCycleProcessor/SingleCycleProcessor.srcs/constrs_1/imports/Downloads/Nexys4DDR.xdc:14]
Resolution: If [get_<value>] was used to populate the object, check to make sure this command returns at least one valid object.
WARNING: [Vivado 12-584] No ports matched 'SW[2]'. [C:/Users/admin/Desktop/SingleCycleProcessor/SingleCycleProcessor.srcs/constrs_1/imports/Downloads/Nexys4DDR.xdc:15]
CRITICAL WARNING: [Common 17-55] 'set_property' expects at least one object. [C:/Users/admin/Desktop/SingleCycleProcessor/SingleCycleProcessor.srcs/constrs_1/imports/Downloads/Nexys4DDR.xdc:15]
Resolution: If [get_<value>] was used to populate the object, check to make sure this command returns at least one valid object.
WARNING: [Vivado 12-584] No ports matched 'SW[3]'. [C:/Users/admin/Desktop/SingleCycleProcessor/SingleCycleProcessor.srcs/constrs_1/imports/Downloads/Nexys4DDR.xdc:16]
CRITICAL WARNING: [Common 17-55] 'set_property' expects at least one object. [C:/Users/admin/Desktop/SingleCycleProcessor/SingleCycleProcessor.srcs/constrs_1/imports/Downloads/Nexys4DDR.xdc:16]
Resolution: If [get_<value>] was used to populate the object, check to make sure this command returns at least one valid object.
WARNING: [Vivado 12-584] No ports matched 'SW[4]'. [C:/Users/admin/Desktop/SingleCycleProcessor/SingleCycleProcessor.srcs/constrs_1/imports/Downloads/Nexys4DDR.xdc:17]
CRITICAL WARNING: [Common 17-55] 'set_property' expects at least one object. [C:/Users/admin/Desktop/SingleCycleProcessor/SingleCycleProcessor.srcs/constrs_1/imports/Downloads/Nexys4DDR.xdc:17]
Resolution: If [get_<value>] was used to populate the object, check to make sure this command returns at least one valid object.
WARNING: [Vivado 12-584] No ports matched 'SW[5]'. [C:/Users/admin/Desktop/SingleCycleProcessor/SingleCycleProcessor.srcs/constrs_1/imports/Downloads/Nexys4DDR.xdc:18]
CRITICAL WARNING: [Common 17-55] 'set_property' expects at least one object. [C:/Users/admin/Desktop/SingleCycleProcessor/SingleCycleProcessor.srcs/constrs_1/imports/Downloads/Nexys4DDR.xdc:18]
Resolution: If [get_<value>] was used to populate the object, check to make sure this command returns at least one valid object.
WARNING: [Vivado 12-584] No ports matched 'SW[6]'. [C:/Users/admin/Desktop/SingleCycleProcessor/SingleCycleProcessor.srcs/constrs_1/imports/Downloads/Nexys4DDR.xdc:19]
CRITICAL WARNING: [Common 17-55] 'set_property' expects at least one object. [C:/Users/admin/Desktop/SingleCycleProcessor/SingleCycleProcessor.srcs/constrs_1/imports/Downloads/Nexys4DDR.xdc:19]
Resolution: If [get_<value>] was used to populate the object, check to make sure this command returns at least one valid object.
WARNING: [Vivado 12-584] No ports matched 'SW[7]'. [C:/Users/admin/Desktop/SingleCycleProcessor/SingleCycleProcessor.srcs/constrs_1/imports/Downloads/Nexys4DDR.xdc:20]
CRITICAL WARNING: [Common 17-55] 'set_property' expects at least one object. [C:/Users/admin/Desktop/SingleCycleProcessor/SingleCycleProcessor.srcs/constrs_1/imports/Downloads/Nexys4DDR.xdc:20]
Resolution: If [get_<value>] was used to populate the object, check to make sure this command returns at least one valid object.
WARNING: [Vivado 12-584] No ports matched 'SW[8]'. [C:/Users/admin/Desktop/SingleCycleProcessor/SingleCycleProcessor.srcs/constrs_1/imports/Downloads/Nexys4DDR.xdc:21]
CRITICAL WARNING: [Common 17-55] 'set_property' expects at least one object. [C:/Users/admin/Desktop/SingleCycleProcessor/SingleCycleProcessor.srcs/constrs_1/imports/Downloads/Nexys4DDR.xdc:21]
Resolution: If [get_<value>] was used to populate the object, check to make sure this command returns at least one valid object.
WARNING: [Vivado 12-584] No ports matched 'SW[9]'. [C:/Users/admin/Desktop/SingleCycleProcessor/SingleCycleProcessor.srcs/constrs_1/imports/Downloads/Nexys4DDR.xdc:22]
CRITICAL WARNING: [Common 17-55] 'set_property' expects at least one object. [C:/Users/admin/Desktop/SingleCycleProcessor/SingleCycleProcessor.srcs/constrs_1/imports/Downloads/Nexys4DDR.xdc:22]
Resolution: If [get_<value>] was used to populate the object, check to make sure this command returns at least one valid object.
WARNING: [Vivado 12-584] No ports matched 'SW[10]'. [C:/Users/admin/Desktop/SingleCycleProcessor/SingleCycleProcessor.srcs/constrs_1/imports/Downloads/Nexys4DDR.xdc:23]
CRITICAL WARNING: [Common 17-55] 'set_property' expects at least one object. [C:/Users/admin/Desktop/SingleCycleProcessor/SingleCycleProcessor.srcs/constrs_1/imports/Downloads/Nexys4DDR.xdc:23]
Resolution: If [get_<value>] was used to populate the object, check to make sure this command returns at least one valid object.
WARNING: [Vivado 12-584] No ports matched 'SW[11]'. [C:/Users/admin/Desktop/SingleCycleProcessor/SingleCycleProcessor.srcs/constrs_1/imports/Downloads/Nexys4DDR.xdc:24]
CRITICAL WARNING: [Common 17-55] 'set_property' expects at least one object. [C:/Users/admin/Desktop/SingleCycleProcessor/SingleCycleProcessor.srcs/constrs_1/imports/Downloads/Nexys4DDR.xdc:24]
Resolution: If [get_<value>] was used to populate the object, check to make sure this command returns at least one valid object.
WARNING: [Vivado 12-584] No ports matched 'SW[12]'. [C:/Users/admin/Desktop/SingleCycleProcessor/SingleCycleProcessor.srcs/constrs_1/imports/Downloads/Nexys4DDR.xdc:25]
CRITICAL WARNING: [Common 17-55] 'set_property' expects at least one object. [C:/Users/admin/Desktop/SingleCycleProcessor/SingleCycleProcessor.srcs/constrs_1/imports/Downloads/Nexys4DDR.xdc:25]
Resolution: If [get_<value>] was used to populate the object, check to make sure this command returns at least one valid object.
WARNING: [Vivado 12-584] No ports matched 'SW[13]'. [C:/Users/admin/Desktop/SingleCycleProcessor/SingleCycleProcessor.srcs/constrs_1/imports/Downloads/Nexys4DDR.xdc:26]
CRITICAL WARNING: [Common 17-55] 'set_property' expects at least one object. [C:/Users/admin/Desktop/SingleCycleProcessor/SingleCycleProcessor.srcs/constrs_1/imports/Downloads/Nexys4DDR.xdc:26]
Resolution: If [get_<value>] was used to populate the object, check to make sure this command returns at least one valid object.
WARNING: [Vivado 12-584] No ports matched 'SW[14]'. [C:/Users/admin/Desktop/SingleCycleProcessor/SingleCycleProcessor.srcs/constrs_1/imports/Downloads/Nexys4DDR.xdc:27]
CRITICAL WARNING: [Common 17-55] 'set_property' expects at least one object. [C:/Users/admin/Desktop/SingleCycleProcessor/SingleCycleProcessor.srcs/constrs_1/imports/Downloads/Nexys4DDR.xdc:27]
Resolution: If [get_<value>] was used to populate the object, check to make sure this command returns at least one valid object.
WARNING: [Vivado 12-584] No ports matched 'SW[15]'. [C:/Users/admin/Desktop/SingleCycleProcessor/SingleCycleProcessor.srcs/constrs_1/imports/Downloads/Nexys4DDR.xdc:28]
CRITICAL WARNING: [Common 17-55] 'set_property' expects at least one object. [C:/Users/admin/Desktop/SingleCycleProcessor/SingleCycleProcessor.srcs/constrs_1/imports/Downloads/Nexys4DDR.xdc:28]
Resolution: If [get_<value>] was used to populate the object, check to make sure this command returns at least one valid object.
WARNING: [Vivado 12-584] No ports matched 'A2G[0]'. [C:/Users/admin/Desktop/SingleCycleProcessor/SingleCycleProcessor.srcs/constrs_1/imports/Downloads/Nexys4DDR.xdc:60]
CRITICAL WARNING: [Common 17-55] 'set_property' expects at least one object. [C:/Users/admin/Desktop/SingleCycleProcessor/SingleCycleProcessor.srcs/constrs_1/imports/Downloads/Nexys4DDR.xdc:60]
Resolution: If [get_<value>] was used to populate the object, check to make sure this command returns at least one valid object.
WARNING: [Vivado 12-584] No ports matched 'A2G[1]'. [C:/Users/admin/Desktop/SingleCycleProcessor/SingleCycleProcessor.srcs/constrs_1/imports/Downloads/Nexys4DDR.xdc:61]
CRITICAL WARNING: [Common 17-55] 'set_property' expects at least one object. [C:/Users/admin/Desktop/SingleCycleProcessor/SingleCycleProcessor.srcs/constrs_1/imports/Downloads/Nexys4DDR.xdc:61]
Resolution: If [get_<value>] was used to populate the object, check to make sure this command returns at least one valid object.
WARNING: [Vivado 12-584] No ports matched 'A2G[2]'. [C:/Users/admin/Desktop/SingleCycleProcessor/SingleCycleProcessor.srcs/constrs_1/imports/Downloads/Nexys4DDR.xdc:62]
CRITICAL WARNING: [Common 17-55] 'set_property' expects at least one object. [C:/Users/admin/Desktop/SingleCycleProcessor/SingleCycleProcessor.srcs/constrs_1/imports/Downloads/Nexys4DDR.xdc:62]
Resolution: If [get_<value>] was used to populate the object, check to make sure this command returns at least one valid object.
WARNING: [Vivado 12-584] No ports matched 'A2G[3]'. [C:/Users/admin/Desktop/SingleCycleProcessor/SingleCycleProcessor.srcs/constrs_1/imports/Downloads/Nexys4DDR.xdc:63]
CRITICAL WARNING: [Common 17-55] 'set_property' expects at least one object. [C:/Users/admin/Desktop/SingleCycleProcessor/SingleCycleProcessor.srcs/constrs_1/imports/Downloads/Nexys4DDR.xdc:63]
Resolution: If [get_<value>] was used to populate the object, check to make sure this command returns at least one valid object.
WARNING: [Vivado 12-584] No ports matched 'A2G[4]'. [C:/Users/admin/Desktop/SingleCycleProcessor/SingleCycleProcessor.srcs/constrs_1/imports/Downloads/Nexys4DDR.xdc:64]
CRITICAL WARNING: [Common 17-55] 'set_property' expects at least one object. [C:/Users/admin/Desktop/SingleCycleProcessor/SingleCycleProcessor.srcs/constrs_1/imports/Downloads/Nexys4DDR.xdc:64]
Resolution: If [get_<value>] was used to populate the object, check to make sure this command returns at least one valid object.
WARNING: [Vivado 12-584] No ports matched 'A2G[5]'. [C:/Users/admin/Desktop/SingleCycleProcessor/SingleCycleProcessor.srcs/constrs_1/imports/Downloads/Nexys4DDR.xdc:65]
CRITICAL WARNING: [Common 17-55] 'set_property' expects at least one object. [C:/Users/admin/Desktop/SingleCycleProcessor/SingleCycleProcessor.srcs/constrs_1/imports/Downloads/Nexys4DDR.xdc:65]
Resolution: If [get_<value>] was used to populate the object, check to make sure this command returns at least one valid object.
WARNING: [Vivado 12-584] No ports matched 'A2G[6]'. [C:/Users/admin/Desktop/SingleCycleProcessor/SingleCycleProcessor.srcs/constrs_1/imports/Downloads/Nexys4DDR.xdc:66]
CRITICAL WARNING: [Common 17-55] 'set_property' expects at least one object. [C:/Users/admin/Desktop/SingleCycleProcessor/SingleCycleProcessor.srcs/constrs_1/imports/Downloads/Nexys4DDR.xdc:66]
Resolution: If [get_<value>] was used to populate the object, check to make sure this command returns at least one valid object.
WARNING: [Vivado 12-584] No ports matched 'AN[0]'. [C:/Users/admin/Desktop/SingleCycleProcessor/SingleCycleProcessor.srcs/constrs_1/imports/Downloads/Nexys4DDR.xdc:70]
CRITICAL WARNING: [Common 17-55] 'set_property' expects at least one object. [C:/Users/admin/Desktop/SingleCycleProcessor/SingleCycleProcessor.srcs/constrs_1/imports/Downloads/Nexys4DDR.xdc:70]
Resolution: If [get_<value>] was used to populate the object, check to make sure this command returns at least one valid object.
WARNING: [Vivado 12-584] No ports matched 'AN[1]'. [C:/Users/admin/Desktop/SingleCycleProcessor/SingleCycleProcessor.srcs/constrs_1/imports/Downloads/Nexys4DDR.xdc:71]
CRITICAL WARNING: [Common 17-55] 'set_property' expects at least one object. [C:/Users/admin/Desktop/SingleCycleProcessor/SingleCycleProcessor.srcs/constrs_1/imports/Downloads/Nexys4DDR.xdc:71]
Resolution: If [get_<value>] was used to populate the object, check to make sure this command returns at least one valid object.
WARNING: [Vivado 12-584] No ports matched 'AN[2]'. [C:/Users/admin/Desktop/SingleCycleProcessor/SingleCycleProcessor.srcs/constrs_1/imports/Downloads/Nexys4DDR.xdc:72]
CRITICAL WARNING: [Common 17-55] 'set_property' expects at least one object. [C:/Users/admin/Desktop/SingleCycleProcessor/SingleCycleProcessor.srcs/constrs_1/imports/Downloads/Nexys4DDR.xdc:72]
Resolution: If [get_<value>] was used to populate the object, check to make sure this command returns at least one valid object.
WARNING: [Vivado 12-584] No ports matched 'AN[3]'. [C:/Users/admin/Desktop/SingleCycleProcessor/SingleCycleProcessor.srcs/constrs_1/imports/Downloads/Nexys4DDR.xdc:73]
CRITICAL WARNING: [Common 17-55] 'set_property' expects at least one object. [C:/Users/admin/Desktop/SingleCycleProcessor/SingleCycleProcessor.srcs/constrs_1/imports/Downloads/Nexys4DDR.xdc:73]
Resolution: If [get_<value>] was used to populate the object, check to make sure this command returns at least one valid object.
WARNING: [Vivado 12-584] No ports matched 'AN[4]'. [C:/Users/admin/Desktop/SingleCycleProcessor/SingleCycleProcessor.srcs/constrs_1/imports/Downloads/Nexys4DDR.xdc:74]
CRITICAL WARNING: [Common 17-55] 'set_property' expects at least one object. [C:/Users/admin/Desktop/SingleCycleProcessor/SingleCycleProcessor.srcs/constrs_1/imports/Downloads/Nexys4DDR.xdc:74]
Resolution: If [get_<value>] was used to populate the object, check to make sure this command returns at least one valid object.
WARNING: [Vivado 12-584] No ports matched 'AN[5]'. [C:/Users/admin/Desktop/SingleCycleProcessor/SingleCycleProcessor.srcs/constrs_1/imports/Downloads/Nexys4DDR.xdc:75]
CRITICAL WARNING: [Common 17-55] 'set_property' expects at least one object. [C:/Users/admin/Desktop/SingleCycleProcessor/SingleCycleProcessor.srcs/constrs_1/imports/Downloads/Nexys4DDR.xdc:75]
Resolution: If [get_<value>] was used to populate the object, check to make sure this command returns at least one valid object.
WARNING: [Vivado 12-584] No ports matched 'AN[6]'. [C:/Users/admin/Desktop/SingleCycleProcessor/SingleCycleProcessor.srcs/constrs_1/imports/Downloads/Nexys4DDR.xdc:76]
CRITICAL WARNING: [Common 17-55] 'set_property' expects at least one object. [C:/Users/admin/Desktop/SingleCycleProcessor/SingleCycleProcessor.srcs/constrs_1/imports/Downloads/Nexys4DDR.xdc:76]
Resolution: If [get_<value>] was used to populate the object, check to make sure this command returns at least one valid object.
WARNING: [Vivado 12-584] No ports matched 'AN[7]'. [C:/Users/admin/Desktop/SingleCycleProcessor/SingleCycleProcessor.srcs/constrs_1/imports/Downloads/Nexys4DDR.xdc:77]
CRITICAL WARNING: [Common 17-55] 'set_property' expects at least one object. [C:/Users/admin/Desktop/SingleCycleProcessor/SingleCycleProcessor.srcs/constrs_1/imports/Downloads/Nexys4DDR.xdc:77]
Resolution: If [get_<value>] was used to populate the object, check to make sure this command returns at least one valid object.
WARNING: [Vivado 12-584] No ports matched 'BTNC'. [C:/Users/admin/Desktop/SingleCycleProcessor/SingleCycleProcessor.srcs/constrs_1/imports/Downloads/Nexys4DDR.xdc:84]
CRITICAL WARNING: [Common 17-55] 'set_property' expects at least one object. [C:/Users/admin/Desktop/SingleCycleProcessor/SingleCycleProcessor.srcs/constrs_1/imports/Downloads/Nexys4DDR.xdc:84]
Resolution: If [get_<value>] was used to populate the object, check to make sure this command returns at least one valid object.
WARNING: [Vivado 12-584] No ports matched 'BTNL'. [C:/Users/admin/Desktop/SingleCycleProcessor/SingleCycleProcessor.srcs/constrs_1/imports/Downloads/Nexys4DDR.xdc:86]
CRITICAL WARNING: [Common 17-55] 'set_property' expects at least one object. [C:/Users/admin/Desktop/SingleCycleProcessor/SingleCycleProcessor.srcs/constrs_1/imports/Downloads/Nexys4DDR.xdc:86]
Resolution: If [get_<value>] was used to populate the object, check to make sure this command returns at least one valid object.
WARNING: [Vivado 12-584] No ports matched 'BTNR'. [C:/Users/admin/Desktop/SingleCycleProcessor/SingleCycleProcessor.srcs/constrs_1/imports/Downloads/Nexys4DDR.xdc:87]
CRITICAL WARNING: [Common 17-55] 'set_property' expects at least one object. [C:/Users/admin/Desktop/SingleCycleProcessor/SingleCycleProcessor.srcs/constrs_1/imports/Downloads/Nexys4DDR.xdc:87]
Resolution: If [get_<value>] was used to populate the object, check to make sure this command returns at least one valid object.
Finished Parsing XDC File [C:/Users/admin/Desktop/SingleCycleProcessor/SingleCycleProcessor.srcs/constrs_1/imports/Downloads/Nexys4DDR.xdc]
Completed Processing XDC Constraints

Netlist sorting complete. Time (s): cpu = 00:00:00 ; elapsed = 00:00:00.001 . Memory (MB): peak = 720.328 ; gain = 0.000
INFO: [Project 1-111] Unisim Transformation Summary:
No Unisim elements were transformed.

Netlist sorting complete. Time (s): cpu = 00:00:00 ; elapsed = 00:00:00.001 . Memory (MB): peak = 720.328 ; gain = 0.000
WARNING: [Constraints 18-5210] No constraints selected for write.
Resolution: This message can indicate that there are no constraints for the design, or it can indicate that the used_in flags are set such that the constraints are ignored. This later case is used when running synth_design to not write synthesis constraints to the resulting checkpoint. Instead, project constraints are read when the synthesized design is opened.
Constraint Validation Runtime : Time (s): cpu = 00:00:00 ; elapsed = 00:00:00.038 . Memory (MB): peak = 721.039 ; gain = 0.711
---------------------------------------------------------------------------------
Finished Constraint Validation : Time (s): cpu = 00:00:09 ; elapsed = 00:00:10 . Memory (MB): peak = 721.039 ; gain = 451.375
---------------------------------------------------------------------------------
---------------------------------------------------------------------------------
Start Loading Part and Timing Information
---------------------------------------------------------------------------------
Loading part: xc7a100tcsg324-1
---------------------------------------------------------------------------------
Finished Loading Part and Timing Information : Time (s): cpu = 00:00:09 ; elapsed = 00:00:10 . Memory (MB): peak = 721.039 ; gain = 451.375
---------------------------------------------------------------------------------
---------------------------------------------------------------------------------
Start Applying 'set_property' XDC Constraints
---------------------------------------------------------------------------------
---------------------------------------------------------------------------------
Finished applying 'set_property' XDC Constraints : Time (s): cpu = 00:00:09 ; elapsed = 00:00:10 . Memory (MB): peak = 721.039 ; gain = 451.375
---------------------------------------------------------------------------------
INFO: [Synth 8-5546] ROM "RAM" won't be mapped to RAM because it is too sparse
---------------------------------------------------------------------------------
Finished RTL Optimization Phase 2 : Time (s): cpu = 00:00:09 ; elapsed = 00:00:10 . Memory (MB): peak = 721.039 ; gain = 451.375
---------------------------------------------------------------------------------

Report RTL Partitions: 
+-+--------------+------------+----------+
| |RTL Partition |Replication |Instances |
+-+--------------+------------+----------+
+-+--------------+------------+----------+
---------------------------------------------------------------------------------
Start RTL Component Statistics 
---------------------------------------------------------------------------------
Detailed RTL Component Info : 
+---Adders : 
	   2 Input     32 Bit       Adders := 2     
	   3 Input     32 Bit       Adders := 1     
+---Registers : 
	               32 Bit    Registers := 1     
+---Muxes : 
	   2 Input     32 Bit        Muxes := 9     
	   4 Input     32 Bit        Muxes := 1     
	  19 Input     32 Bit        Muxes := 1     
	  10 Input     12 Bit        Muxes := 1     
	   2 Input      5 Bit        Muxes := 1     
	  10 Input      3 Bit        Muxes := 1     
---------------------------------------------------------------------------------
Finished RTL Component Statistics 
---------------------------------------------------------------------------------
---------------------------------------------------------------------------------
Start RTL Hierarchical Component Statistics 
---------------------------------------------------------------------------------
Hierarchical RTL Component report 
Module maindec 
Detailed RTL Component Info : 
+---Muxes : 
	  10 Input     12 Bit        Muxes := 1     
Module aludec 
Detailed RTL Component Info : 
+---Muxes : 
	  10 Input      3 Bit        Muxes := 1     
Module flopr 
Detailed RTL Component Info : 
+---Registers : 
	               32 Bit    Registers := 1     
Module adder 
Detailed RTL Component Info : 
+---Adders : 
	   2 Input     32 Bit       Adders := 1     
Module mux2 
Detailed RTL Component Info : 
+---Muxes : 
	   2 Input     32 Bit        Muxes := 1     
Module regfile 
Detailed RTL Component Info : 
+---Muxes : 
	   2 Input     32 Bit        Muxes := 2     
Module mux2__parameterized0 
Detailed RTL Component Info : 
+---Muxes : 
	   2 Input      5 Bit        Muxes := 1     
Module alu 
Detailed RTL Component Info : 
+---Adders : 
	   3 Input     32 Bit       Adders := 1     
+---Muxes : 
	   2 Input     32 Bit        Muxes := 2     
	   4 Input     32 Bit        Muxes := 1     
Module imem 
Detailed RTL Component Info : 
+---Muxes : 
	  19 Input     32 Bit        Muxes := 1     
---------------------------------------------------------------------------------
Finished RTL Hierarchical Component Statistics
---------------------------------------------------------------------------------
---------------------------------------------------------------------------------
Start Part Resource Summary
---------------------------------------------------------------------------------
Part Resources:
DSPs: 240 (col length:80)
BRAMs: 270 (col length: RAMB18 80 RAMB36 40)
---------------------------------------------------------------------------------
Finished Part Resource Summary
---------------------------------------------------------------------------------
---------------------------------------------------------------------------------
Start Cross Boundary and Area Optimization
---------------------------------------------------------------------------------
Warning: Parallel synthesis criteria is not met 
---------------------------------------------------------------------------------
Finished Cross Boundary and Area Optimization : Time (s): cpu = 00:00:11 ; elapsed = 00:00:12 . Memory (MB): peak = 721.039 ; gain = 451.375
---------------------------------------------------------------------------------
---------------------------------------------------------------------------------
Start ROM, RAM, DSP and Shift Register Reporting
---------------------------------------------------------------------------------

Distributed RAM: Preliminary Mapping  Report (see note below)
+------------+-------------------+-----------+----------------------+-----------------+
|Module Name | RTL Object        | Inference | Size (Depth x Width) | Primitives      | 
+------------+-------------------+-----------+----------------------+-----------------+
|top         | dmem/RAM_reg      | Implied   | 64 x 32              | RAM64X1S x 32   | 
|top         | mips/dp/rf/rf_reg | Implied   | 32 x 32              | RAM32M x 12     | 
+------------+-------------------+-----------+----------------------+-----------------+

Note: The table above is a preliminary report that shows the Distributed RAMs at the current stage of the synthesis flow. Some Distributed RAMs may be reimplemented as non Distributed RAM primitives later in the synthesis flow. Multiple instantiated RAMs are reported only once.
---------------------------------------------------------------------------------
Finished ROM, RAM, DSP and Shift Register Reporting
---------------------------------------------------------------------------------

Report RTL Partitions: 
+-+--------------+------------+----------+
| |RTL Partition |Replication |Instances |
+-+--------------+------------+----------+
+-+--------------+------------+----------+
---------------------------------------------------------------------------------
Start Applying XDC Timing Constraints
---------------------------------------------------------------------------------
---------------------------------------------------------------------------------
Finished Applying XDC Timing Constraints : Time (s): cpu = 00:00:18 ; elapsed = 00:00:18 . Memory (MB): peak = 734.418 ; gain = 464.754
---------------------------------------------------------------------------------
---------------------------------------------------------------------------------
Start Timing Optimization
---------------------------------------------------------------------------------
---------------------------------------------------------------------------------
Finished Timing Optimization : Time (s): cpu = 00:00:18 ; elapsed = 00:00:18 . Memory (MB): peak = 734.789 ; gain = 465.125
---------------------------------------------------------------------------------
---------------------------------------------------------------------------------
Start ROM, RAM, DSP and Shift Register Reporting
---------------------------------------------------------------------------------

Distributed RAM: Final Mapping  Report
+------------+-------------------+-----------+----------------------+-----------------+
|Module Name | RTL Object        | Inference | Size (Depth x Width) | Primitives      | 
+------------+-------------------+-----------+----------------------+-----------------+
|top         | dmem/RAM_reg      | Implied   | 64 x 32              | RAM64X1S x 32   | 
|top         | mips/dp/rf/rf_reg | Implied   | 32 x 32              | RAM32M x 12     | 
+------------+-------------------+-----------+----------------------+-----------------+

---------------------------------------------------------------------------------
Finished ROM, RAM, DSP and Shift Register Reporting
---------------------------------------------------------------------------------

Report RTL Partitions: 
+-+--------------+------------+----------+
| |RTL Partition |Replication |Instances |
+-+--------------+------------+----------+
+-+--------------+------------+----------+
---------------------------------------------------------------------------------
Start Technology Mapping
---------------------------------------------------------------------------------
---------------------------------------------------------------------------------
Finished Technology Mapping : Time (s): cpu = 00:00:18 ; elapsed = 00:00:19 . Memory (MB): peak = 753.703 ; gain = 484.039
---------------------------------------------------------------------------------

Report RTL Partitions: 
+-+--------------+------------+----------+
| |RTL Partition |Replication |Instances |
+-+--------------+------------+----------+
+-+--------------+------------+----------+
---------------------------------------------------------------------------------
Start IO Insertion
---------------------------------------------------------------------------------
---------------------------------------------------------------------------------
Start Flattening Before IO Insertion
---------------------------------------------------------------------------------
---------------------------------------------------------------------------------
Finished Flattening Before IO Insertion
---------------------------------------------------------------------------------
---------------------------------------------------------------------------------
Start Final Netlist Cleanup
---------------------------------------------------------------------------------
---------------------------------------------------------------------------------
Finished Final Netlist Cleanup
---------------------------------------------------------------------------------
---------------------------------------------------------------------------------
Finished IO Insertion : Time (s): cpu = 00:00:18 ; elapsed = 00:00:19 . Memory (MB): peak = 753.703 ; gain = 484.039
---------------------------------------------------------------------------------

Report Check Netlist: 
+------+------------------+-------+---------+-------+------------------+
|      |Item              |Errors |Warnings |Status |Description       |
+------+------------------+-------+---------+-------+------------------+
|1     |multi_driven_nets |      0|        0|Passed |Multi driven nets |
+------+------------------+-------+---------+-------+------------------+
---------------------------------------------------------------------------------
Start Renaming Generated Instances
---------------------------------------------------------------------------------
---------------------------------------------------------------------------------
Finished Renaming Generated Instances : Time (s): cpu = 00:00:18 ; elapsed = 00:00:19 . Memory (MB): peak = 753.703 ; gain = 484.039
---------------------------------------------------------------------------------

Report RTL Partitions: 
+-+--------------+------------+----------+
| |RTL Partition |Replication |Instances |
+-+--------------+------------+----------+
+-+--------------+------------+----------+
---------------------------------------------------------------------------------
Start Rebuilding User Hierarchy
---------------------------------------------------------------------------------
---------------------------------------------------------------------------------
Finished Rebuilding User Hierarchy : Time (s): cpu = 00:00:18 ; elapsed = 00:00:19 . Memory (MB): peak = 753.703 ; gain = 484.039
---------------------------------------------------------------------------------
---------------------------------------------------------------------------------
Start Renaming Generated Ports
---------------------------------------------------------------------------------
---------------------------------------------------------------------------------
Finished Renaming Generated Ports : Time (s): cpu = 00:00:18 ; elapsed = 00:00:19 . Memory (MB): peak = 753.703 ; gain = 484.039
---------------------------------------------------------------------------------
---------------------------------------------------------------------------------
Start Handling Custom Attributes
---------------------------------------------------------------------------------
---------------------------------------------------------------------------------
Finished Handling Custom Attributes : Time (s): cpu = 00:00:18 ; elapsed = 00:00:19 . Memory (MB): peak = 753.703 ; gain = 484.039
---------------------------------------------------------------------------------
---------------------------------------------------------------------------------
Start Renaming Generated Nets
---------------------------------------------------------------------------------
---------------------------------------------------------------------------------
Finished Renaming Generated Nets : Time (s): cpu = 00:00:18 ; elapsed = 00:00:19 . Memory (MB): peak = 753.703 ; gain = 484.039
---------------------------------------------------------------------------------
---------------------------------------------------------------------------------
Start Writing Synthesis Report
---------------------------------------------------------------------------------

Report BlackBoxes: 
+-+--------------+----------+
| |BlackBox name |Instances |
+-+--------------+----------+
+-+--------------+----------+

Report Cell Usage: 
+------+---------+------+
|      |Cell     |Count |
+------+---------+------+
|1     |BUFG     |     1|
|2     |CARRY4   |    12|
|3     |LUT1     |     1|
|4     |LUT3     |    62|
|5     |LUT4     |     4|
|6     |LUT5     |    32|
|7     |LUT6     |   137|
|8     |RAM32M   |    12|
|9     |RAM64X1S |    32|
|10    |FDCE     |     6|
|11    |IBUF     |     2|
|12    |OBUF     |    65|
+------+---------+------+

Report Instance Areas: 
+------+-------------+---------+------+
|      |Instance     |Module   |Cells |
+------+-------------+---------+------+
|1     |top          |         |   366|
|2     |  dmem       |dmem     |    34|
|3     |  mips       |mips     |   264|
|4     |    dp       |datapath |   264|
|5     |      alu    |alu      |     8|
|6     |      pcadd1 |adder    |     2|
|7     |      pcadd2 |adder_0  |     2|
|8     |      pcreg  |flopr    |   240|
|9     |      rf     |regfile  |    12|
+------+-------------+---------+------+
---------------------------------------------------------------------------------
Finished Writing Synthesis Report : Time (s): cpu = 00:00:18 ; elapsed = 00:00:19 . Memory (MB): peak = 753.703 ; gain = 484.039
---------------------------------------------------------------------------------
Synthesis finished with 0 errors, 0 critical warnings and 0 warnings.
Synthesis Optimization Runtime : Time (s): cpu = 00:00:12 ; elapsed = 00:00:14 . Memory (MB): peak = 753.703 ; gain = 158.113
Synthesis Optimization Complete : Time (s): cpu = 00:00:19 ; elapsed = 00:00:19 . Memory (MB): peak = 753.703 ; gain = 484.039
INFO: [Project 1-571] Translating synthesized netlist
INFO: [Netlist 29-17] Analyzing 56 Unisim elements for replacement
INFO: [Netlist 29-28] Unisim Transformation completed in 0 CPU seconds
INFO: [Project 1-570] Preparing netlist for logic optimization
INFO: [Opt 31-138] Pushed 0 inverter(s) to 0 load pin(s).
Netlist sorting complete. Time (s): cpu = 00:00:00 ; elapsed = 00:00:00 . Memory (MB): peak = 758.277 ; gain = 0.000
INFO: [Project 1-111] Unisim Transformation Summary:
  A total of 44 instances were transformed.
  RAM32M => RAM32M (RAMD32, RAMD32, RAMD32, RAMD32, RAMD32, RAMD32, RAMS32, RAMS32): 12 instances
  RAM64X1S => RAM64X1S (RAMS64E): 32 instances

INFO: [Common 17-83] Releasing license: Synthesis
47 Infos, 71 Warnings, 36 Critical Warnings and 0 Errors encountered.
synth_design completed successfully
synth_design: Time (s): cpu = 00:00:20 ; elapsed = 00:00:22 . Memory (MB): peak = 758.277 ; gain = 488.613
Netlist sorting complete. Time (s): cpu = 00:00:00 ; elapsed = 00:00:00 . Memory (MB): peak = 758.277 ; gain = 0.000
WARNING: [Constraints 18-5210] No constraints selected for write.
Resolution: This message can indicate that there are no constraints for the design, or it can indicate that the used_in flags are set such that the constraints are ignored. This later case is used when running synth_design to not write synthesis constraints to the resulting checkpoint. Instead, project constraints are read when the synthesized design is opened.
INFO: [Common 17-1381] The checkpoint 'C:/Users/admin/Desktop/SingleCycleProcessor/SingleCycleProcessor.runs/synth_1/top.dcp' has been generated.
INFO: [runtcl-4] Executing : report_utilization -file top_utilization_synth.rpt -pb top_utilization_synth.pb
INFO: [Common 17-206] Exiting Vivado at Thu Mar 31 20:36:16 2022...
