
*** Running vivado
    with args -log top.vds -m64 -product Vivado -mode batch -messageDb vivado.pb -notrace -source top.tcl


****** Vivado v2018.3 (64-bit)
  **** SW Build 2405991 on Thu Dec  6 23:38:27 MST 2018
  **** IP Build 2404404 on Fri Dec  7 01:43:56 MST 2018
    ** Copyright 1986-2018 Xilinx, Inc. All Rights Reserved.

source top.tcl -notrace
Command: synth_design -top top -part xc7a100tcsg324-1
Starting synth_design
Attempting to get a license for feature 'Synthesis' and/or device 'xc7a100t'
INFO: [Common 17-349] Got license for feature 'Synthesis' and/or device 'xc7a100t'
INFO: Launching helper process for spawning children vivado processes
INFO: Helper process launched with PID 25616 
---------------------------------------------------------------------------------
Starting Synthesize : Time (s): cpu = 00:00:02 ; elapsed = 00:00:03 . Memory (MB): peak = 338.797 ; gain = 77.844
---------------------------------------------------------------------------------
INFO: [Synth 8-6157] synthesizing module 'top' [D:/Sources/repos/MultiCycleProcessor/MultiCycleProcessor.srcs/sources_1/new/top.sv:1]
INFO: [Synth 8-6157] synthesizing module 'mips' [D:/Sources/repos/MultiCycleProcessor/MultiCycleProcessor.srcs/sources_1/new/mips.sv:1]
INFO: [Synth 8-6157] synthesizing module 'controller' [D:/Sources/repos/MultiCycleProcessor/MultiCycleProcessor.srcs/sources_1/new/controller.sv:1]
INFO: [Synth 8-6157] synthesizing module 'maindec' [D:/Sources/repos/MultiCycleProcessor/MultiCycleProcessor.srcs/sources_1/new/maindec.sv:1]
	Parameter FETCH bound to: 4'b0000 
	Parameter DECODE bound to: 4'b0001 
	Parameter MEMADR bound to: 4'b0010 
	Parameter MEMRD bound to: 4'b0011 
	Parameter MEMWB bound to: 4'b0100 
	Parameter MEMWR bound to: 4'b0101 
	Parameter RTYPEEX bound to: 4'b0110 
	Parameter RTYPEWB bound to: 4'b0111 
	Parameter BEQEX bound to: 4'b1000 
	Parameter ADDIEX bound to: 4'b1001 
	Parameter ADDIWB bound to: 4'b1010 
	Parameter JEX bound to: 4'b1011 
	Parameter LW bound to: 6'b100011 
	Parameter SW bound to: 6'b101011 
	Parameter RTYPE bound to: 6'b000000 
	Parameter BEQ bound to: 6'b000100 
	Parameter ADDI bound to: 6'b001000 
	Parameter J bound to: 6'b000010 
INFO: [Synth 8-6155] done synthesizing module 'maindec' (1#1) [D:/Sources/repos/MultiCycleProcessor/MultiCycleProcessor.srcs/sources_1/new/maindec.sv:1]
INFO: [Synth 8-6157] synthesizing module 'aludec' [D:/Sources/repos/MultiCycleProcessor/MultiCycleProcessor.srcs/sources_1/new/aludec.sv:1]
INFO: [Synth 8-6155] done synthesizing module 'aludec' (2#1) [D:/Sources/repos/MultiCycleProcessor/MultiCycleProcessor.srcs/sources_1/new/aludec.sv:1]
INFO: [Synth 8-6155] done synthesizing module 'controller' (3#1) [D:/Sources/repos/MultiCycleProcessor/MultiCycleProcessor.srcs/sources_1/new/controller.sv:1]
INFO: [Synth 8-6157] synthesizing module 'datapath' [D:/Sources/repos/MultiCycleProcessor/MultiCycleProcessor.srcs/sources_1/new/datapath.sv:1]
INFO: [Synth 8-6157] synthesizing module 'flopenr' [D:/Sources/repos/MultiCycleProcessor/MultiCycleProcessor.srcs/sources_1/new/flopenr.sv:1]
	Parameter WIDTH bound to: 32 - type: integer 
INFO: [Synth 8-6155] done synthesizing module 'flopenr' (4#1) [D:/Sources/repos/MultiCycleProcessor/MultiCycleProcessor.srcs/sources_1/new/flopenr.sv:1]
INFO: [Synth 8-6157] synthesizing module 'mux2' [D:/Sources/repos/MultiCycleProcessor/MultiCycleProcessor.srcs/sources_1/new/mux2.sv:1]
	Parameter WIDTH bound to: 32 - type: integer 
INFO: [Synth 8-6155] done synthesizing module 'mux2' (5#1) [D:/Sources/repos/MultiCycleProcessor/MultiCycleProcessor.srcs/sources_1/new/mux2.sv:1]
INFO: [Synth 8-6157] synthesizing module 'flopr' [D:/Sources/repos/MultiCycleProcessor/MultiCycleProcessor.srcs/sources_1/new/flopr.sv:1]
	Parameter WIDTH bound to: 32 - type: integer 
INFO: [Synth 8-6155] done synthesizing module 'flopr' (6#1) [D:/Sources/repos/MultiCycleProcessor/MultiCycleProcessor.srcs/sources_1/new/flopr.sv:1]
INFO: [Synth 8-6157] synthesizing module 'mux2__parameterized0' [D:/Sources/repos/MultiCycleProcessor/MultiCycleProcessor.srcs/sources_1/new/mux2.sv:1]
	Parameter WIDTH bound to: 5 - type: integer 
INFO: [Synth 8-6155] done synthesizing module 'mux2__parameterized0' (6#1) [D:/Sources/repos/MultiCycleProcessor/MultiCycleProcessor.srcs/sources_1/new/mux2.sv:1]
INFO: [Synth 8-6157] synthesizing module 'regfile' [D:/Sources/repos/MultiCycleProcessor/MultiCycleProcessor.srcs/sources_1/new/regfile.sv:1]
INFO: [Synth 8-6155] done synthesizing module 'regfile' (7#1) [D:/Sources/repos/MultiCycleProcessor/MultiCycleProcessor.srcs/sources_1/new/regfile.sv:1]
INFO: [Synth 8-6157] synthesizing module 'signext' [D:/Sources/repos/MultiCycleProcessor/MultiCycleProcessor.srcs/sources_1/new/signext.sv:1]
INFO: [Synth 8-6155] done synthesizing module 'signext' (8#1) [D:/Sources/repos/MultiCycleProcessor/MultiCycleProcessor.srcs/sources_1/new/signext.sv:1]
INFO: [Synth 8-6157] synthesizing module 'sl2' [D:/Sources/repos/MultiCycleProcessor/MultiCycleProcessor.srcs/sources_1/new/sl2.sv:1]
INFO: [Synth 8-6155] done synthesizing module 'sl2' (9#1) [D:/Sources/repos/MultiCycleProcessor/MultiCycleProcessor.srcs/sources_1/new/sl2.sv:1]
INFO: [Synth 8-6157] synthesizing module 'mux4' [D:/Sources/repos/MultiCycleProcessor/MultiCycleProcessor.srcs/sources_1/new/mux4.sv:1]
	Parameter WIDTH bound to: 32 - type: integer 
INFO: [Synth 8-6155] done synthesizing module 'mux4' (10#1) [D:/Sources/repos/MultiCycleProcessor/MultiCycleProcessor.srcs/sources_1/new/mux4.sv:1]
INFO: [Synth 8-6157] synthesizing module 'alu' [D:/Sources/repos/MultiCycleProcessor/MultiCycleProcessor.srcs/sources_1/new/alu.sv:1]
INFO: [Synth 8-6155] done synthesizing module 'alu' (11#1) [D:/Sources/repos/MultiCycleProcessor/MultiCycleProcessor.srcs/sources_1/new/alu.sv:1]
INFO: [Synth 8-6157] synthesizing module 'mux3' [D:/Sources/repos/MultiCycleProcessor/MultiCycleProcessor.srcs/sources_1/new/mux3.sv:1]
	Parameter WIDTH bound to: 32 - type: integer 
INFO: [Synth 8-6155] done synthesizing module 'mux3' (12#1) [D:/Sources/repos/MultiCycleProcessor/MultiCycleProcessor.srcs/sources_1/new/mux3.sv:1]
INFO: [Synth 8-6155] done synthesizing module 'datapath' (13#1) [D:/Sources/repos/MultiCycleProcessor/MultiCycleProcessor.srcs/sources_1/new/datapath.sv:1]
INFO: [Synth 8-6155] done synthesizing module 'mips' (14#1) [D:/Sources/repos/MultiCycleProcessor/MultiCycleProcessor.srcs/sources_1/new/mips.sv:1]
INFO: [Synth 8-6157] synthesizing module 'mem' [D:/Sources/repos/MultiCycleProcessor/MultiCycleProcessor.srcs/sources_1/new/mem.sv:1]
INFO: [Synth 8-3876] $readmem data file 'memfile.dat' is read successfully [D:/Sources/repos/MultiCycleProcessor/MultiCycleProcessor.srcs/sources_1/new/mem.sv:7]
INFO: [Synth 8-6155] done synthesizing module 'mem' (15#1) [D:/Sources/repos/MultiCycleProcessor/MultiCycleProcessor.srcs/sources_1/new/mem.sv:1]
INFO: [Synth 8-6155] done synthesizing module 'top' (16#1) [D:/Sources/repos/MultiCycleProcessor/MultiCycleProcessor.srcs/sources_1/new/top.sv:1]
WARNING: [Synth 8-3331] design mem has unconnected port a[31]
WARNING: [Synth 8-3331] design mem has unconnected port a[30]
WARNING: [Synth 8-3331] design mem has unconnected port a[29]
WARNING: [Synth 8-3331] design mem has unconnected port a[28]
WARNING: [Synth 8-3331] design mem has unconnected port a[27]
WARNING: [Synth 8-3331] design mem has unconnected port a[26]
WARNING: [Synth 8-3331] design mem has unconnected port a[25]
WARNING: [Synth 8-3331] design mem has unconnected port a[24]
WARNING: [Synth 8-3331] design mem has unconnected port a[23]
WARNING: [Synth 8-3331] design mem has unconnected port a[22]
WARNING: [Synth 8-3331] design mem has unconnected port a[21]
WARNING: [Synth 8-3331] design mem has unconnected port a[20]
WARNING: [Synth 8-3331] design mem has unconnected port a[19]
WARNING: [Synth 8-3331] design mem has unconnected port a[18]
WARNING: [Synth 8-3331] design mem has unconnected port a[17]
WARNING: [Synth 8-3331] design mem has unconnected port a[16]
WARNING: [Synth 8-3331] design mem has unconnected port a[15]
WARNING: [Synth 8-3331] design mem has unconnected port a[14]
WARNING: [Synth 8-3331] design mem has unconnected port a[13]
WARNING: [Synth 8-3331] design mem has unconnected port a[12]
WARNING: [Synth 8-3331] design mem has unconnected port a[11]
WARNING: [Synth 8-3331] design mem has unconnected port a[10]
WARNING: [Synth 8-3331] design mem has unconnected port a[9]
WARNING: [Synth 8-3331] design mem has unconnected port a[8]
WARNING: [Synth 8-3331] design mem has unconnected port a[1]
WARNING: [Synth 8-3331] design mem has unconnected port a[0]
WARNING: [Synth 8-3331] design sl2 has unconnected port a[31]
WARNING: [Synth 8-3331] design sl2 has unconnected port a[30]
---------------------------------------------------------------------------------
Finished Synthesize : Time (s): cpu = 00:00:03 ; elapsed = 00:00:03 . Memory (MB): peak = 394.867 ; gain = 133.914
---------------------------------------------------------------------------------
---------------------------------------------------------------------------------
Finished Constraint Validation : Time (s): cpu = 00:00:03 ; elapsed = 00:00:03 . Memory (MB): peak = 394.867 ; gain = 133.914
---------------------------------------------------------------------------------
---------------------------------------------------------------------------------
Start Loading Part and Timing Information
---------------------------------------------------------------------------------
Loading part: xc7a100tcsg324-1
---------------------------------------------------------------------------------
Finished Loading Part and Timing Information : Time (s): cpu = 00:00:03 ; elapsed = 00:00:03 . Memory (MB): peak = 394.867 ; gain = 133.914
---------------------------------------------------------------------------------
INFO: [Device 21-403] Loading part xc7a100tcsg324-1
INFO: [Synth 8-802] inferred FSM for state register 'state_reg' in module 'maindec'
---------------------------------------------------------------------------------------------------
                   State |                     New Encoding |                Previous Encoding 
---------------------------------------------------------------------------------------------------
                   FETCH |                     000000000001 |                             0000
                  DECODE |                     000000000010 |                             0001
                  MEMADR |                     000000000100 |                             0010
                   MEMRD |                     000000001000 |                             0011
                   MEMWB |                     000000010000 |                             0100
                   MEMWR |                     000000100000 |                             0101
                 RTYPEEX |                     000001000000 |                             0110
                 RTYPEWB |                     000010000000 |                             0111
                   BEQEX |                     000100000000 |                             1000
                  ADDIEX |                     001000000000 |                             1001
                  ADDIWB |                     010000000000 |                             1010
                     JEX |                     100000000000 |                             1011
---------------------------------------------------------------------------------------------------
INFO: [Synth 8-3354] encoded FSM with state register 'state_reg' using encoding 'one-hot' in module 'maindec'
---------------------------------------------------------------------------------
Finished RTL Optimization Phase 2 : Time (s): cpu = 00:00:03 ; elapsed = 00:00:04 . Memory (MB): peak = 394.867 ; gain = 133.914
---------------------------------------------------------------------------------

Report RTL Partitions: 
+-+--------------+------------+----------+
| |RTL Partition |Replication |Instances |
+-+--------------+------------+----------+
+-+--------------+------------+----------+
No constraint files found.
---------------------------------------------------------------------------------
Start RTL Component Statistics 
---------------------------------------------------------------------------------
Detailed RTL Component Info : 
+---Adders : 
	   3 Input     32 Bit       Adders := 1     
+---Registers : 
	               32 Bit    Registers := 6     
+---Muxes : 
	   2 Input     32 Bit        Muxes := 9     
	   4 Input     32 Bit        Muxes := 2     
	  12 Input     15 Bit        Muxes := 1     
	  12 Input     12 Bit        Muxes := 1     
	   7 Input     12 Bit        Muxes := 1     
	   3 Input     12 Bit        Muxes := 1     
	   2 Input      5 Bit        Muxes := 1     
	   8 Input      3 Bit        Muxes := 1     
---------------------------------------------------------------------------------
Finished RTL Component Statistics 
---------------------------------------------------------------------------------
---------------------------------------------------------------------------------
Start RTL Hierarchical Component Statistics 
---------------------------------------------------------------------------------
Hierarchical RTL Component report 
Module maindec 
Detailed RTL Component Info : 
+---Muxes : 
	  12 Input     15 Bit        Muxes := 1     
	  12 Input     12 Bit        Muxes := 1     
	   7 Input     12 Bit        Muxes := 1     
	   3 Input     12 Bit        Muxes := 1     
Module aludec 
Detailed RTL Component Info : 
+---Muxes : 
	   8 Input      3 Bit        Muxes := 1     
Module flopenr 
Detailed RTL Component Info : 
+---Registers : 
	               32 Bit    Registers := 1     
Module mux2 
Detailed RTL Component Info : 
+---Muxes : 
	   2 Input     32 Bit        Muxes := 1     
Module flopr 
Detailed RTL Component Info : 
+---Registers : 
	               32 Bit    Registers := 1     
Module mux2__parameterized0 
Detailed RTL Component Info : 
+---Muxes : 
	   2 Input      5 Bit        Muxes := 1     
Module regfile 
Detailed RTL Component Info : 
+---Muxes : 
	   2 Input     32 Bit        Muxes := 2     
Module mux4 
Detailed RTL Component Info : 
+---Muxes : 
	   4 Input     32 Bit        Muxes := 1     
Module alu 
Detailed RTL Component Info : 
+---Adders : 
	   3 Input     32 Bit       Adders := 1     
+---Muxes : 
	   2 Input     32 Bit        Muxes := 2     
	   4 Input     32 Bit        Muxes := 1     
Module mux3 
Detailed RTL Component Info : 
+---Muxes : 
	   2 Input     32 Bit        Muxes := 2     
---------------------------------------------------------------------------------
Finished RTL Hierarchical Component Statistics
---------------------------------------------------------------------------------
---------------------------------------------------------------------------------
Start Part Resource Summary
---------------------------------------------------------------------------------
Part Resources:
DSPs: 240 (col length:80)
BRAMs: 270 (col length: RAMB18 80 RAMB36 40)
---------------------------------------------------------------------------------
Finished Part Resource Summary
---------------------------------------------------------------------------------
No constraint files found.
---------------------------------------------------------------------------------
Start Cross Boundary and Area Optimization
---------------------------------------------------------------------------------
Warning: Parallel synthesis criteria is not met 
---------------------------------------------------------------------------------
Finished Cross Boundary and Area Optimization : Time (s): cpu = 00:00:07 ; elapsed = 00:00:07 . Memory (MB): peak = 582.305 ; gain = 321.352
---------------------------------------------------------------------------------
---------------------------------------------------------------------------------
Start ROM, RAM, DSP and Shift Register Reporting
---------------------------------------------------------------------------------

Distributed RAM: Preliminary Mapping  Report (see note below)
+------------+-------------------+-----------+----------------------+-----------------+
|Module Name | RTL Object        | Inference | Size (Depth x Width) | Primitives      | 
+------------+-------------------+-----------+----------------------+-----------------+
|top         | MIPS/dp/rf/rf_reg | Implied   | 32 x 32              | RAM32M x 12     | 
|top         | mem/RAM_reg       | Implied   | 64 x 32              | RAM64X1S x 32   | 
+------------+-------------------+-----------+----------------------+-----------------+

Note: The table above is a preliminary report that shows the Distributed RAMs at the current stage of the synthesis flow. Some Distributed RAMs may be reimplemented as non Distributed RAM primitives later in the synthesis flow. Multiple instantiated RAMs are reported only once.
---------------------------------------------------------------------------------
Finished ROM, RAM, DSP and Shift Register Reporting
---------------------------------------------------------------------------------

Report RTL Partitions: 
+-+--------------+------------+----------+
| |RTL Partition |Replication |Instances |
+-+--------------+------------+----------+
+-+--------------+------------+----------+
No constraint files found.
---------------------------------------------------------------------------------
Start Timing Optimization
---------------------------------------------------------------------------------
---------------------------------------------------------------------------------
Finished Timing Optimization : Time (s): cpu = 00:00:07 ; elapsed = 00:00:07 . Memory (MB): peak = 582.305 ; gain = 321.352
---------------------------------------------------------------------------------
---------------------------------------------------------------------------------
Start ROM, RAM, DSP and Shift Register Reporting
---------------------------------------------------------------------------------

Distributed RAM: Final Mapping  Report
+------------+-------------------+-----------+----------------------+-----------------+
|Module Name | RTL Object        | Inference | Size (Depth x Width) | Primitives      | 
+------------+-------------------+-----------+----------------------+-----------------+
|top         | MIPS/dp/rf/rf_reg | Implied   | 32 x 32              | RAM32M x 12     | 
|top         | mem/RAM_reg       | Implied   | 64 x 32              | RAM64X1S x 32   | 
+------------+-------------------+-----------+----------------------+-----------------+

---------------------------------------------------------------------------------
Finished ROM, RAM, DSP and Shift Register Reporting
---------------------------------------------------------------------------------

Report RTL Partitions: 
+-+--------------+------------+----------+
| |RTL Partition |Replication |Instances |
+-+--------------+------------+----------+
+-+--------------+------------+----------+
---------------------------------------------------------------------------------
Start Technology Mapping
---------------------------------------------------------------------------------
---------------------------------------------------------------------------------
Finished Technology Mapping : Time (s): cpu = 00:00:07 ; elapsed = 00:00:07 . Memory (MB): peak = 582.305 ; gain = 321.352
---------------------------------------------------------------------------------

Report RTL Partitions: 
+-+--------------+------------+----------+
| |RTL Partition |Replication |Instances |
+-+--------------+------------+----------+
+-+--------------+------------+----------+
---------------------------------------------------------------------------------
Start IO Insertion
---------------------------------------------------------------------------------
---------------------------------------------------------------------------------
Start Flattening Before IO Insertion
---------------------------------------------------------------------------------
---------------------------------------------------------------------------------
Finished Flattening Before IO Insertion
---------------------------------------------------------------------------------
---------------------------------------------------------------------------------
Start Final Netlist Cleanup
---------------------------------------------------------------------------------
---------------------------------------------------------------------------------
Finished Final Netlist Cleanup
---------------------------------------------------------------------------------
---------------------------------------------------------------------------------
Finished IO Insertion : Time (s): cpu = 00:00:07 ; elapsed = 00:00:08 . Memory (MB): peak = 582.305 ; gain = 321.352
---------------------------------------------------------------------------------

Report Check Netlist: 
+------+------------------+-------+---------+-------+------------------+
|      |Item              |Errors |Warnings |Status |Description       |
+------+------------------+-------+---------+-------+------------------+
|1     |multi_driven_nets |      0|        0|Passed |Multi driven nets |
+------+------------------+-------+---------+-------+------------------+
---------------------------------------------------------------------------------
Start Renaming Generated Instances
---------------------------------------------------------------------------------
---------------------------------------------------------------------------------
Finished Renaming Generated Instances : Time (s): cpu = 00:00:07 ; elapsed = 00:00:08 . Memory (MB): peak = 582.305 ; gain = 321.352
---------------------------------------------------------------------------------

Report RTL Partitions: 
+-+--------------+------------+----------+
| |RTL Partition |Replication |Instances |
+-+--------------+------------+----------+
+-+--------------+------------+----------+
---------------------------------------------------------------------------------
Start Rebuilding User Hierarchy
---------------------------------------------------------------------------------
---------------------------------------------------------------------------------
Finished Rebuilding User Hierarchy : Time (s): cpu = 00:00:08 ; elapsed = 00:00:08 . Memory (MB): peak = 582.305 ; gain = 321.352
---------------------------------------------------------------------------------
---------------------------------------------------------------------------------
Start Renaming Generated Ports
---------------------------------------------------------------------------------
---------------------------------------------------------------------------------
Finished Renaming Generated Ports : Time (s): cpu = 00:00:08 ; elapsed = 00:00:08 . Memory (MB): peak = 582.305 ; gain = 321.352
---------------------------------------------------------------------------------
---------------------------------------------------------------------------------
Start Handling Custom Attributes
---------------------------------------------------------------------------------
---------------------------------------------------------------------------------
Finished Handling Custom Attributes : Time (s): cpu = 00:00:08 ; elapsed = 00:00:08 . Memory (MB): peak = 582.305 ; gain = 321.352
---------------------------------------------------------------------------------
---------------------------------------------------------------------------------
Start Renaming Generated Nets
---------------------------------------------------------------------------------
---------------------------------------------------------------------------------
Finished Renaming Generated Nets : Time (s): cpu = 00:00:08 ; elapsed = 00:00:08 . Memory (MB): peak = 582.305 ; gain = 321.352
---------------------------------------------------------------------------------
---------------------------------------------------------------------------------
Start Writing Synthesis Report
---------------------------------------------------------------------------------

Report BlackBoxes: 
+-+--------------+----------+
| |BlackBox name |Instances |
+-+--------------+----------+
+-+--------------+----------+

Report Cell Usage: 
+------+---------+------+
|      |Cell     |Count |
+------+---------+------+
|1     |BUFG     |     1|
|2     |CARRY4   |     8|
|3     |LUT2     |     4|
|4     |LUT3     |    43|
|5     |LUT4     |    62|
|6     |LUT5     |    65|
|7     |LUT6     |   149|
|8     |RAM32M   |    12|
|9     |RAM64X1S |    32|
|10    |FDCE     |   203|
|11    |FDPE     |     1|
|12    |IBUF     |     2|
|13    |OBUF     |    65|
+------+---------+------+

Report Instance Areas: 
+------+---------------+-----------+------+
|      |Instance       |Module     |Cells |
+------+---------------+-----------+------+
|1     |top            |           |   647|
|2     |  MIPS         |mips       |   547|
|3     |    c          |controller |   103|
|4     |      md       |maindec    |   103|
|5     |    dp         |datapath   |   444|
|6     |      alu      |alu        |    10|
|7     |      alureg   |flopr      |    64|
|8     |      areg     |flopr_0    |    48|
|9     |      breg     |flopr_1    |    32|
|10    |      datareg  |flopr_2    |    64|
|11    |      instrreg |flopenr    |   177|
|12    |      pcreg    |flopenr_3  |    37|
|13    |      rf       |regfile    |    12|
|14    |  mem          |mem        |    32|
+------+---------------+-----------+------+
---------------------------------------------------------------------------------
Finished Writing Synthesis Report : Time (s): cpu = 00:00:08 ; elapsed = 00:00:08 . Memory (MB): peak = 582.305 ; gain = 321.352
---------------------------------------------------------------------------------
Synthesis finished with 0 errors, 0 critical warnings and 28 warnings.
Synthesis Optimization Runtime : Time (s): cpu = 00:00:08 ; elapsed = 00:00:08 . Memory (MB): peak = 582.305 ; gain = 321.352
Synthesis Optimization Complete : Time (s): cpu = 00:00:08 ; elapsed = 00:00:08 . Memory (MB): peak = 582.305 ; gain = 321.352
INFO: [Project 1-571] Translating synthesized netlist
INFO: [Netlist 29-17] Analyzing 52 Unisim elements for replacement
INFO: [Netlist 29-28] Unisim Transformation completed in 0 CPU seconds
INFO: [Project 1-570] Preparing netlist for logic optimization
INFO: [Opt 31-138] Pushed 0 inverter(s) to 0 load pin(s).
Netlist sorting complete. Time (s): cpu = 00:00:00 ; elapsed = 00:00:00 . Memory (MB): peak = 653.750 ; gain = 0.000
INFO: [Project 1-111] Unisim Transformation Summary:
  A total of 44 instances were transformed.
  RAM32M => RAM32M (RAMD32, RAMD32, RAMD32, RAMD32, RAMD32, RAMD32, RAMS32, RAMS32): 12 instances
  RAM64X1S => RAM64X1S (RAMS64E): 32 instances

INFO: [Common 17-83] Releasing license: Synthesis
46 Infos, 28 Warnings, 0 Critical Warnings and 0 Errors encountered.
synth_design completed successfully
synth_design: Time (s): cpu = 00:00:12 ; elapsed = 00:00:13 . Memory (MB): peak = 653.750 ; gain = 392.797
Netlist sorting complete. Time (s): cpu = 00:00:00 ; elapsed = 00:00:00 . Memory (MB): peak = 653.750 ; gain = 0.000
WARNING: [Constraints 18-5210] No constraints selected for write.
Resolution: This message can indicate that there are no constraints for the design, or it can indicate that the used_in flags are set such that the constraints are ignored. This later case is used when running synth_design to not write synthesis constraints to the resulting checkpoint. Instead, project constraints are read when the synthesized design is opened.
INFO: [Common 17-1381] The checkpoint 'D:/Sources/repos/MultiCycleProcessor/MultiCycleProcessor.runs/synth_1/top.dcp' has been generated.
INFO: [runtcl-4] Executing : report_utilization -file top_utilization_synth.rpt -pb top_utilization_synth.pb
INFO: [Common 17-206] Exiting Vivado at Wed May  4 13:35:30 2022...
