#-----------------------------------------------------------
# Vivado v2018.3 (64-bit)
# SW Build 2405991 on Thu Dec  6 23:38:27 MST 2018
# IP Build 2404404 on Fri Dec  7 01:43:56 MST 2018
# Start of session at: Wed Jun  8 14:36:30 2022
# Process ID: 16640
# Current directory: D:/Sources/repos/PipelineProcessor_IO
# Command line: vivado.exe -gui_launcher_event rodinguilauncherevent4968 D:\Sources\repos\PipelineProcessor_IO\PipelineProcessor_IO.xpr
# Log file: D:/Sources/repos/PipelineProcessor_IO/vivado.log
# Journal file: D:/Sources/repos/PipelineProcessor_IO\vivado.jou
#-----------------------------------------------------------
start_gui
open_project D:/Sources/repos/PipelineProcessor_IO/PipelineProcessor_IO.xpr
Scanning sources...
Finished scanning sources
INFO: [IP_Flow 19-234] Refreshing IP repositories
INFO: [IP_Flow 19-1704] No user IP repositories specified
INFO: [IP_Flow 19-2313] Loaded Vivado IP repository 'D:/Softwares/Vivado/2018.3/data/ip'.
update_compile_order -fileset sources_1
launch_simulation
INFO: [Vivado 12-5682] Launching behavioral simulation in 'D:/Sources/repos/PipelineProcessor_IO/PipelineProcessor_IO.sim/sim_1/behav/xsim'
INFO: [SIM-utils-51] Simulation object is 'sim_1'
INFO: [SIM-utils-54] Inspecting design source files for 'testbench' in fileset 'sim_1'...
INFO: [SIM-utils-43] Exported 'D:/Sources/repos/PipelineProcessor_IO/PipelineProcessor_IO.sim/sim_1/behav/xsim/memfile1.dat'
INFO: [USF-XSim-97] Finding global include files...
INFO: [USF-XSim-98] Fetching design files from 'sim_1'...
INFO: [USF-XSim-2] XSim::Compile design
INFO: [USF-XSim-61] Executing 'COMPILE and ANALYZE' step in 'D:/Sources/repos/PipelineProcessor_IO/PipelineProcessor_IO.sim/sim_1/behav/xsim'
"xvlog --incr --relax -prj testbench_vlog.prj"
INFO: [VRFC 10-2263] Analyzing SystemVerilog file "D:/Sources/repos/PipelineProcessor_IO/PipelineProcessor_IO.srcs/sources_1/new/IO.sv" into library xil_defaultlib
INFO: [VRFC 10-311] analyzing module IO
INFO: [VRFC 10-2263] Analyzing SystemVerilog file "D:/Sources/repos/PipelineProcessor_IO/PipelineProcessor_IO.srcs/sources_1/imports/new/MIPS.sv" into library xil_defaultlib
INFO: [VRFC 10-311] analyzing module MIPS
INFO: [VRFC 10-2263] Analyzing SystemVerilog file "D:/Sources/repos/PipelineProcessor_IO/PipelineProcessor_IO.srcs/sources_1/imports/new/Top.sv" into library xil_defaultlib
INFO: [VRFC 10-311] analyzing module Top
INFO: [VRFC 10-2263] Analyzing SystemVerilog file "D:/Sources/repos/PipelineProcessor_IO/PipelineProcessor_IO.srcs/sources_1/imports/new/adder.sv" into library xil_defaultlib
INFO: [VRFC 10-311] analyzing module adder
INFO: [VRFC 10-2263] Analyzing SystemVerilog file "D:/Sources/repos/PipelineProcessor_IO/PipelineProcessor_IO.srcs/sources_1/imports/new/alu.sv" into library xil_defaultlib
INFO: [VRFC 10-311] analyzing module alu
INFO: [VRFC 10-2263] Analyzing SystemVerilog file "D:/Sources/repos/PipelineProcessor_IO/PipelineProcessor_IO.srcs/sources_1/imports/new/aludec.sv" into library xil_defaultlib
INFO: [VRFC 10-311] analyzing module aludec
INFO: [VRFC 10-2263] Analyzing SystemVerilog file "D:/Sources/repos/PipelineProcessor_IO/PipelineProcessor_IO.srcs/sources_1/imports/new/controller.sv" into library xil_defaultlib
INFO: [VRFC 10-311] analyzing module controller
INFO: [VRFC 10-2263] Analyzing SystemVerilog file "D:/Sources/repos/PipelineProcessor_IO/PipelineProcessor_IO.srcs/sources_1/imports/new/dMem.sv" into library xil_defaultlib
INFO: [VRFC 10-311] analyzing module dMem
INFO: [VRFC 10-2263] Analyzing SystemVerilog file "D:/Sources/repos/PipelineProcessor_IO/PipelineProcessor_IO.srcs/sources_1/new/dMemoryDecoder.sv" into library xil_defaultlib
INFO: [VRFC 10-311] analyzing module dMemoryDecoder
INFO: [VRFC 10-2263] Analyzing SystemVerilog file "D:/Sources/repos/PipelineProcessor_IO/PipelineProcessor_IO.srcs/sources_1/imports/new/datapath.sv" into library xil_defaultlib
INFO: [VRFC 10-311] analyzing module datapath
INFO: [VRFC 10-2263] Analyzing SystemVerilog file "D:/Sources/repos/PipelineProcessor_IO/PipelineProcessor_IO.srcs/sources_1/imports/new/eqcmp.sv" into library xil_defaultlib
INFO: [VRFC 10-311] analyzing module eqcmp
INFO: [VRFC 10-2263] Analyzing SystemVerilog file "D:/Sources/repos/PipelineProcessor_IO/PipelineProcessor_IO.srcs/sources_1/imports/new/flopenr.sv" into library xil_defaultlib
INFO: [VRFC 10-311] analyzing module flopenr
INFO: [VRFC 10-2263] Analyzing SystemVerilog file "D:/Sources/repos/PipelineProcessor_IO/PipelineProcessor_IO.srcs/sources_1/imports/new/flopenrc.sv" into library xil_defaultlib
INFO: [VRFC 10-311] analyzing module flopenrc
INFO: [VRFC 10-2263] Analyzing SystemVerilog file "D:/Sources/repos/PipelineProcessor_IO/PipelineProcessor_IO.srcs/sources_1/imports/new/flopr.sv" into library xil_defaultlib
INFO: [VRFC 10-311] analyzing module flopr
INFO: [VRFC 10-2263] Analyzing SystemVerilog file "D:/Sources/repos/PipelineProcessor_IO/PipelineProcessor_IO.srcs/sources_1/imports/new/floprc.sv" into library xil_defaultlib
INFO: [VRFC 10-311] analyzing module floprc
INFO: [VRFC 10-2263] Analyzing SystemVerilog file "D:/Sources/repos/PipelineProcessor_IO/PipelineProcessor_IO.srcs/sources_1/imports/new/hazard.sv" into library xil_defaultlib
INFO: [VRFC 10-311] analyzing module hazard
INFO: [VRFC 10-2263] Analyzing SystemVerilog file "D:/Sources/repos/PipelineProcessor_IO/PipelineProcessor_IO.srcs/sources_1/imports/new/iMem.sv" into library xil_defaultlib
INFO: [VRFC 10-311] analyzing module iMem
INFO: [VRFC 10-2263] Analyzing SystemVerilog file "D:/Sources/repos/PipelineProcessor_IO/PipelineProcessor_IO.srcs/sources_1/imports/new/maindec.sv" into library xil_defaultlib
INFO: [VRFC 10-311] analyzing module maindec
INFO: [VRFC 10-2263] Analyzing SystemVerilog file "D:/Sources/repos/PipelineProcessor_IO/PipelineProcessor_IO.srcs/sources_1/imports/new/mux2.sv" into library xil_defaultlib
INFO: [VRFC 10-311] analyzing module mux2
INFO: [VRFC 10-2263] Analyzing SystemVerilog file "D:/Sources/repos/PipelineProcessor_IO/PipelineProcessor_IO.srcs/sources_1/imports/new/mux3.sv" into library xil_defaultlib
INFO: [VRFC 10-311] analyzing module mux3
INFO: [VRFC 10-2263] Analyzing SystemVerilog file "D:/Sources/repos/PipelineProcessor_IO/PipelineProcessor_IO.srcs/sources_1/new/mux7seg.sv" into library xil_defaultlib
INFO: [VRFC 10-311] analyzing module mux7seg
INFO: [VRFC 10-2263] Analyzing SystemVerilog file "D:/Sources/repos/PipelineProcessor_IO/PipelineProcessor_IO.srcs/sources_1/imports/new/regfile.sv" into library xil_defaultlib
INFO: [VRFC 10-311] analyzing module regfile
INFO: [VRFC 10-2263] Analyzing SystemVerilog file "D:/Sources/repos/PipelineProcessor_IO/PipelineProcessor_IO.srcs/sources_1/imports/new/signext.sv" into library xil_defaultlib
INFO: [VRFC 10-311] analyzing module signext
INFO: [VRFC 10-2263] Analyzing SystemVerilog file "D:/Sources/repos/PipelineProcessor_IO/PipelineProcessor_IO.srcs/sources_1/imports/new/sl2.sv" into library xil_defaultlib
INFO: [VRFC 10-311] analyzing module sl2
INFO: [VRFC 10-2263] Analyzing SystemVerilog file "D:/Sources/repos/PipelineProcessor_IO/PipelineProcessor_IO.srcs/sources_1/new/zeroext.sv" into library xil_defaultlib
INFO: [VRFC 10-311] analyzing module zeroext
INFO: [VRFC 10-2263] Analyzing SystemVerilog file "D:/Sources/repos/PipelineProcessor_IO/PipelineProcessor_IO.srcs/sim_1/new/testbench.sv" into library xil_defaultlib
INFO: [VRFC 10-311] analyzing module testbench
INFO: [USF-XSim-69] 'compile' step finished in '3' seconds
INFO: [USF-XSim-3] XSim::Elaborate design
INFO: [USF-XSim-61] Executing 'ELABORATE' step in 'D:/Sources/repos/PipelineProcessor_IO/PipelineProcessor_IO.sim/sim_1/behav/xsim'
Vivado Simulator 2018.3
Copyright 1986-1999, 2001-2018 Xilinx, Inc. All Rights Reserved.
Running: D:/Softwares/Vivado/2018.3/bin/unwrapped/win64.o/xelab.exe -wto 80c2ec5c34ad41e693042ea9c6eb7194 --incr --debug typical --relax --mt 2 -L xil_defaultlib -L unisims_ver -L unimacro_ver -L secureip --snapshot testbench_behav xil_defaultlib.testbench xil_defaultlib.glbl -log elaborate.log 
Using 2 slave threads.
Starting static elaboration
Completed static elaboration
Starting simulation data flow analysis
WARNING: [XSIM 43-4100] "D:/Sources/repos/PipelineProcessor_IO/PipelineProcessor_IO.sim/sim_1/behav/xsim/glbl.v" Line 6. Module glbl has a timescale but at least one module in design doesn't have timescale.
Completed simulation data flow analysis
Time Resolution for simulation is 1ps
Compiling module xil_defaultlib.maindec
Compiling module xil_defaultlib.aludec
Compiling module xil_defaultlib.floprc
Compiling module xil_defaultlib.flopr(WIDTH=3)
Compiling module xil_defaultlib.flopr(WIDTH=2)
Compiling module xil_defaultlib.controller
Compiling module xil_defaultlib.hazard
Compiling module xil_defaultlib.mux2(WIDTH=32)
Compiling module xil_defaultlib.regfile
Compiling module xil_defaultlib.flopenr(WIDTH=32)
Compiling module xil_defaultlib.adder
Compiling module xil_defaultlib.flopenrc(WIDTH=32)
Compiling module xil_defaultlib.signext
Compiling module xil_defaultlib.zeroext
Compiling module xil_defaultlib.sl2
Compiling module xil_defaultlib.eqcmp
Compiling module xil_defaultlib.floprc(WIDTH=32)
Compiling module xil_defaultlib.floprc(WIDTH=5)
Compiling module xil_defaultlib.mux3(WIDTH=32)
Compiling module xil_defaultlib.alu
Compiling module xil_defaultlib.mux2(WIDTH=5)
Compiling module xil_defaultlib.flopr(WIDTH=32)
Compiling module xil_defaultlib.flopr(WIDTH=5)
Compiling module xil_defaultlib.datapath
Compiling module xil_defaultlib.MIPS
Compiling module xil_defaultlib.iMem
Compiling module xil_defaultlib.dMem
Compiling module xil_defaultlib.IO
Compiling module xil_defaultlib.mux7seg
Compiling module xil_defaultlib.dMemoryDecoder
Compiling module xil_defaultlib.Top
Compiling module xil_defaultlib.testbench
Compiling module xil_defaultlib.glbl
Built simulation snapshot testbench_behav

****** Webtalk v2018.3 (64-bit)
  **** SW Build 2405991 on Thu Dec  6 23:38:27 MST 2018
  **** IP Build 2404404 on Fri Dec  7 01:43:56 MST 2018
    ** Copyright 1986-2018 Xilinx, Inc. All Rights Reserved.

source D:/Sources/repos/PipelineProcessor_IO/PipelineProcessor_IO.sim/sim_1/behav/xsim/xsim.dir/testbench_behav/webtalk/xsim_webtalk.tcl -notrace
INFO: [Common 17-206] Exiting Webtalk at Wed Jun  8 15:17:45 2022...
run_program: Time (s): cpu = 00:00:01 ; elapsed = 00:00:08 . Memory (MB): peak = 790.863 ; gain = 0.000
INFO: [USF-XSim-69] 'elaborate' step finished in '8' seconds
INFO: [USF-XSim-4] XSim::Simulate design
INFO: [USF-XSim-61] Executing 'SIMULATE' step in 'D:/Sources/repos/PipelineProcessor_IO/PipelineProcessor_IO.sim/sim_1/behav/xsim'
INFO: [USF-XSim-98] *** Running xsim
   with args "testbench_behav -key {Behavioral:sim_1:Functional:testbench} -tclbatch {testbench.tcl} -log {simulate.log}"
INFO: [USF-XSim-8] Loading simulator feature
Vivado Simulator 2018.3
Time resolution is 1 ps
source testbench.tcl
# set curr_wave [current_wave_config]
# if { [string length $curr_wave] == 0 } {
#   if { [llength [get_objects]] > 0} {
#     add_wave /
#     set_property needs_save false [current_wave_config]
#   } else {
#      send_msg_id Add_Wave-1 WARNING "No top level signals found. Simulator will start without a wave window. If you want to open a wave window go to 'File->New Waveform Configuration' or type 'create_wave_config' in the TCL console."
#   }
# }
# run 1000ns
xsim: Time (s): cpu = 00:00:13 ; elapsed = 00:00:05 . Memory (MB): peak = 827.234 ; gain = 36.371
INFO: [USF-XSim-96] XSim completed. Design snapshot 'testbench_behav' loaded.
INFO: [USF-XSim-97] XSim simulation ran for 1000ns
launch_simulation: Time (s): cpu = 00:00:16 ; elapsed = 00:00:18 . Memory (MB): peak = 827.234 ; gain = 36.371
close_sim
INFO: [Simtcl 6-16] Simulation closed
close_sim: Time (s): cpu = 00:00:06 ; elapsed = 00:00:08 . Memory (MB): peak = 1043.352 ; gain = 0.000
exit
INFO: [Common 17-206] Exiting Vivado at Wed Jun  8 15:37:39 2022...
